INFO: [Vivado 12-5682] Launching behavioral simulation in 'C:/Users/ASUS/Desktop/Vivado Projects/tiny-gpu/tiny-gpu.sim/sim_1/behav/xsim'
INFO: [SIM-utils-51] Simulation object is 'sim_1'
INFO: [SIM-utils-54] Inspecting design source files for 'tb_alu' in fileset 'sim_1'...
INFO: [USF-XSim-97] Finding global include files...
INFO: [USF-XSim-98] Fetching design files from 'sim_1'...
INFO: [USF-XSim-2] XSim::Compile design
INFO: [USF-XSim-61] Executing 'COMPILE and ANALYZE' step in 'C:/Users/ASUS/Desktop/Vivado Projects/tiny-gpu/tiny-gpu.sim/sim_1/behav/xsim'
"xvlog --incr --relax -prj tb_alu_vlog.prj"
INFO: [VRFC 10-2263] Analyzing SystemVerilog file "C:/Users/ASUS/Desktop/tiny-gpu/src/alu.sv" into library xil_defaultlib
INFO: [VRFC 10-311] analyzing module alu
INFO: [VRFC 10-2263] Analyzing SystemVerilog file "C:/Users/ASUS/Desktop/tiny-gpu/src/tb/tb_alu.sv" into library xil_defaultlib
INFO: [VRFC 10-311] analyzing module tb_alu
INFO: [USF-XSim-69] 'compile' step finished in '3' seconds
INFO: [Vivado 12-5682] Launching behavioral simulation in 'C:/Users/ASUS/Desktop/Vivado Projects/tiny-gpu/tiny-gpu.sim/sim_1/behav/xsim'
INFO: [USF-XSim-3] XSim::Elaborate design
INFO: [USF-XSim-61] Executing 'ELABORATE' step in 'C:/Users/ASUS/Desktop/Vivado Projects/tiny-gpu/tiny-gpu.sim/sim_1/behav/xsim'
"xelab -wto b8505d9d292f475d8fbde5a6b1a234e0 --incr --debug typical --relax --mt 2 -L xil_defaultlib -L unisims_ver -L unimacro_ver -L secureip --snapshot tb_alu_behav xil_defaultlib.tb_alu xil_defaultlib.glbl -log elaborate.log"
Vivado Simulator 2019.1
Copyright 1986-1999, 2001-2019 Xilinx, Inc. All Rights Reserved.
Running: C:/Xilinx/Vivado/2019.1/bin/unwrapped/win64.o/xelab.exe -wto b8505d9d292f475d8fbde5a6b1a234e0 --incr --debug typical --relax --mt 2 -L xil_defaultlib -L unisims_ver -L unimacro_ver -L secureip --snapshot tb_alu_behav xil_defaultlib.tb_alu xil_defaultlib.glbl -log elaborate.log 
Using 2 slave threads.
Starting static elaboration
Completed static elaboration
Starting simulation data flow analysis
Completed simulation data flow analysis
Time Resolution for simulation is 1ps
Compiling module xil_defaultlib.alu_default
Compiling module xil_defaultlib.tb_alu
Compiling module xil_defaultlib.glbl
Built simulation snapshot tb_alu_behav

****** Webtalk v2019.1 (64-bit)
  **** SW Build 2552052 on Fri May 24 14:49:42 MDT 2019
  **** IP Build 2548770 on Fri May 24 18:01:18 MDT 2019
    ** Copyright 1986-2019 Xilinx, Inc. All Rights Reserved.

source C:/Users/ASUS/Desktop/Vivado -notrace
couldn't read file "C:/Users/ASUS/Desktop/Vivado": permission denied
INFO: [Common 17-206] Exiting Webtalk at Fri Apr 17 23:20:33 2026...
INFO: [USF-XSim-69] 'elaborate' step finished in '4' seconds
Vivado Simulator 2019.1
Time resolution is 1 ps
WARNING: [Simtcl 6-197] One or more HDL objects could not be logged because of object type or size limitations.  To see details please rerun the command with -verbose (-v).
Starting Decoder Tests...
SUCCESS: All tests passed!
$finish called at time : 15 ns : File "C:/Users/ASUS/Desktop/tiny-gpu/src/tb/tb_decoder.sv" Line 168
relaunch_sim: Time (s): cpu = 00:00:01 ; elapsed = 00:00:10 . Memory (MB): peak = 896.105 ; gain = 0.000
