INFO: [Vivado 12-5682] Launching behavioral simulation in 'C:/Users/ASUS/Desktop/Vivado Projects/tiny-gpu/tiny-gpu.sim/sim_1/behav/xsim'
INFO: [SIM-utils-51] Simulation object is 'sim_1'
INFO: [SIM-utils-54] Inspecting design source files for 'tb_decoder' in fileset 'sim_1'...
INFO: [USF-XSim-97] Finding global include files...
INFO: [USF-XSim-98] Fetching design files from 'sim_1'...
INFO: [USF-XSim-2] XSim::Compile design
INFO: [USF-XSim-61] Executing 'COMPILE and ANALYZE' step in 'C:/Users/ASUS/Desktop/Vivado Projects/tiny-gpu/tiny-gpu.sim/sim_1/behav/xsim'
"xvlog --incr --relax -prj tb_decoder_vlog.prj"
INFO: [VRFC 10-2263] Analyzing SystemVerilog file "C:/Users/ASUS/Desktop/tiny-gpu/src/decoder.sv" into library xil_defaultlib
INFO: [VRFC 10-311] analyzing module decoder
INFO: [VRFC 10-2263] Analyzing SystemVerilog file "C:/Users/ASUS/Desktop/tiny-gpu/src/tb/tb_decoder.sv" into library xil_defaultlib
INFO: [VRFC 10-311] analyzing module tb_decoder
INFO: [USF-XSim-69] 'compile' step finished in '2' seconds
INFO: [Vivado 12-5682] Launching behavioral simulation in 'C:/Users/ASUS/Desktop/Vivado Projects/tiny-gpu/tiny-gpu.sim/sim_1/behav/xsim'
INFO: [USF-XSim-3] XSim::Elaborate design
INFO: [USF-XSim-61] Executing 'ELABORATE' step in 'C:/Users/ASUS/Desktop/Vivado Projects/tiny-gpu/tiny-gpu.sim/sim_1/behav/xsim'
"xelab -wto b8505d9d292f475d8fbde5a6b1a234e0 --incr --debug typical --relax --mt 2 -L xil_defaultlib -L unisims_ver -L unimacro_ver -L secureip --snapshot tb_decoder_behav xil_defaultlib.tb_decoder xil_defaultlib.glbl -log elaborate.log"
Vivado Simulator 2019.1
Copyright 1986-1999, 2001-2019 Xilinx, Inc. All Rights Reserved.
Running: C:/Xilinx/Vivado/2019.1/bin/unwrapped/win64.o/xelab.exe -wto b8505d9d292f475d8fbde5a6b1a234e0 --incr --debug typical --relax --mt 2 -L xil_defaultlib -L unisims_ver -L unimacro_ver -L secureip --snapshot tb_decoder_behav xil_defaultlib.tb_decoder xil_defaultlib.glbl -log elaborate.log 
Using 2 slave threads.
Starting static elaboration
Completed static elaboration
Starting simulation data flow analysis
Completed simulation data flow analysis
Time Resolution for simulation is 1ps
Compiling module xil_defaultlib.decoder
Compiling module xil_defaultlib.tb_decoder
Compiling module xil_defaultlib.glbl
Built simulation snapshot tb_decoder_behav
INFO: [USF-XSim-69] 'elaborate' step finished in '2' seconds
Vivado Simulator 2019.1
Time resolution is 1 ps
WARNING: [Simtcl 6-197] One or more HDL objects could not be logged because of object type or size limitations.  To see details please rerun the command with -verbose (-v).
Starting Decoder Tests...
SUCCESS: All tests passed!
$finish called at time : 15 ns : File "C:/Users/ASUS/Desktop/tiny-gpu/src/tb/tb_decoder.sv" Line 168
relaunch_sim: Time (s): cpu = 00:00:01 ; elapsed = 00:00:07 . Memory (MB): peak = 889.680 ; gain = 0.082
