
[1005000] CONTROLLER (gpu_tb.dut.program_memory_controller): Ch 0 READ complete for Consumer 1. Returning to IDLE.
[1015000] CONTROLLER (gpu_tb.dut.data_memory_controller): Ch 0 READ ready from mem. Relaying Data=6 to Consumer 0
[1015000] CONTROLLER (gpu_tb.dut.data_memory_controller): Ch 1 READ ready from mem. Relaying Data=4 to Consumer 1
[1015000] CONTROLLER (gpu_tb.dut.data_memory_controller): Ch 2 READ ready from mem. Relaying Data=2 to Consumer 2
[1015000] CONTROLLER (gpu_tb.dut.data_memory_controller): Ch 3 READ ready from mem. Relaying Data=0 to Consumer 3
[1025000] SCHEDULER (gpu_tb.dut.cores[1].core_instance.scheduler_instance): Mem request dispatched. Waiting for LSUs...
[1035000] CONTROLLER (gpu_tb.dut.data_memory_controller): Ch 0 READ complete for Consumer 0. Returning to IDLE.
[1035000] CONTROLLER (gpu_tb.dut.data_memory_controller): Ch 1 READ complete for Consumer 1. Returning to IDLE.
[1035000] CONTROLLER (gpu_tb.dut.data_memory_controller): Ch 2 READ complete for Consumer 2. Returning to IDLE.
[1035000] CONTROLLER (gpu_tb.dut.data_memory_controller): Ch 3 READ complete for Consumer 3. Returning to IDLE.
[1045000] CONTROLLER (gpu_tb.dut.data_memory_controller): Ch 0 accepted READ from Consumer 4, Addr=15
[1045000] CONTROLLER (gpu_tb.dut.data_memory_controller): Ch 1 accepted READ from Consumer 5, Addr=14
[1045000] CONTROLLER (gpu_tb.dut.data_memory_controller): Ch 2 accepted READ from Consumer 6, Addr=13
[1045000] CONTROLLER (gpu_tb.dut.data_memory_controller): Ch 3 accepted READ from Consumer 7, Addr=12
Time=1055000 | CoreState=110 | Thread=0 | rd=6 <= 0
Time=1055000 | CoreState=110 | Thread=1 | rd=6 <= 2
Time=1055000 | CoreState=110 | Thread=2 | rd=6 <= 4
Time=1055000 | CoreState=110 | Thread=3 | rd=6 <= 6
[1065000] CONTROLLER (gpu_tb.dut.data_memory_controller): Ch 0 READ ready from mem. Relaying Data=14 to Consumer 4
[1065000] CONTROLLER (gpu_tb.dut.data_memory_controller): Ch 1 READ ready from mem. Relaying Data=12 to Consumer 5
[1065000] CONTROLLER (gpu_tb.dut.data_memory_controller): Ch 2 READ ready from mem. Relaying Data=10 to Consumer 6
[1065000] CONTROLLER (gpu_tb.dut.data_memory_controller): Ch 3 READ ready from mem. Relaying Data=8 to Consumer 7
[1075000] CONTROLLER (gpu_tb.dut.program_memory_controller): Ch 0 accepted READ from Consumer 0, Addr=8
[1085000] CONTROLLER (gpu_tb.dut.data_memory_controller): Ch 0 READ complete for Consumer 4. Returning to IDLE.
[1085000] CONTROLLER (gpu_tb.dut.data_memory_controller): Ch 1 READ complete for Consumer 5. Returning to IDLE.
[1085000] CONTROLLER (gpu_tb.dut.data_memory_controller): Ch 2 READ complete for Consumer 6. Returning to IDLE.
[1085000] CONTROLLER (gpu_tb.dut.data_memory_controller): Ch 3 READ complete for Consumer 7. Returning to IDLE.
[1095000] CONTROLLER (gpu_tb.dut.program_memory_controller): Ch 0 READ ready from mem. Relaying Data=14150 to Consumer 0
Time=1105000 | CoreState=110 | Thread=0 | rd=6 <= 8
Time=1105000 | CoreState=110 | Thread=1 | rd=6 <= 10
Time=1105000 | CoreState=110 | Thread=2 | rd=6 <= 12
Time=1105000 | CoreState=110 | Thread=3 | rd=6 <= 14
[1115000] CONTROLLER (gpu_tb.dut.program_memory_controller): Ch 0 READ complete for Consumer 0. Returning to IDLE.
[1125000] CONTROLLER (gpu_tb.dut.program_memory_controller): Ch 0 accepted READ from Consumer 1, Addr=8
[1145000] CONTROLLER (gpu_tb.dut.program_memory_controller): Ch 0 READ ready from mem. Relaying Data=14150 to Consumer 1
[1165000] CONTROLLER (gpu_tb.dut.program_memory_controller): Ch 0 READ complete for Consumer 1. Returning to IDLE.
Time=1165000 | CoreState=110 | Thread=0 | rd=7 <= 1
Time=1165000 | CoreState=110 | Thread=1 | rd=7 <= 4
Time=1165000 | CoreState=110 | Thread=2 | rd=7 <= 7
Time=1165000 | CoreState=110 | Thread=3 | rd=7 <= 10
[1185000] CONTROLLER (gpu_tb.dut.program_memory_controller): Ch 0 accepted READ from Consumer 0, Addr=9
[1205000] CONTROLLER (gpu_tb.dut.program_memory_controller): Ch 0 READ ready from mem. Relaying Data=36880 to Consumer 0
Time=1215000 | CoreState=110 | Thread=0 | rd=7 <= 13
Time=1215000 | CoreState=110 | Thread=1 | rd=7 <= 16
Time=1215000 | CoreState=110 | Thread=2 | rd=7 <= 19
Time=1215000 | CoreState=110 | Thread=3 | rd=7 <= 22
[1225000] CONTROLLER (gpu_tb.dut.program_memory_controller): Ch 0 READ complete for Consumer 0. Returning to IDLE.
[1235000] CONTROLLER (gpu_tb.dut.program_memory_controller): Ch 0 accepted READ from Consumer 1, Addr=9
[1255000] CONTROLLER (gpu_tb.dut.program_memory_controller): Ch 0 READ ready from mem. Relaying Data=36880 to Consumer 1
[1275000] CONTROLLER (gpu_tb.dut.program_memory_controller): Ch 0 READ complete for Consumer 1. Returning to IDLE.
Time=1275000 | CoreState=110 | Thread=0 | rd=0 <= 16
Time=1275000 | CoreState=110 | Thread=1 | rd=0 <= 16
Time=1275000 | CoreState=110 | Thread=2 | rd=0 <= 16
Time=1275000 | CoreState=110 | Thread=3 | rd=0 <= 16
[1295000] CONTROLLER (gpu_tb.dut.program_memory_controller): Ch 0 accepted READ from Consumer 0, Addr=10
[1315000] CONTROLLER (gpu_tb.dut.program_memory_controller): Ch 0 READ ready from mem. Relaying Data=13088 to Consumer 0
Time=1325000 | CoreState=110 | Thread=0 | rd=0 <= 16
Time=1325000 | CoreState=110 | Thread=1 | rd=0 <= 16
Time=1325000 | CoreState=110 | Thread=2 | rd=0 <= 16
Time=1325000 | CoreState=110 | Thread=3 | rd=0 <= 16
[1335000] CONTROLLER (gpu_tb.dut.program_memory_controller): Ch 0 READ complete for Consumer 0. Returning to IDLE.
[1345000] CONTROLLER (gpu_tb.dut.program_memory_controller): Ch 0 accepted READ from Consumer 1, Addr=10
[1365000] CONTROLLER (gpu_tb.dut.program_memory_controller): Ch 0 READ ready from mem. Relaying Data=13088 to Consumer 1
[1385000] CONTROLLER (gpu_tb.dut.program_memory_controller): Ch 0 READ complete for Consumer 1. Returning to IDLE.
Time=1385000 | CoreState=110 | Thread=0 | rd=3 <= 16
Time=1385000 | CoreState=110 | Thread=1 | rd=3 <= 17
Time=1385000 | CoreState=110 | Thread=2 | rd=3 <= 18
Time=1385000 | CoreState=110 | Thread=3 | rd=3 <= 19
[1405000] CONTROLLER (gpu_tb.dut.program_memory_controller): Ch 0 accepted READ from Consumer 0, Addr=11
[1425000] CONTROLLER (gpu_tb.dut.program_memory_controller): Ch 0 READ ready from mem. Relaying Data=32823 to Consumer 0
Time=1435000 | CoreState=110 | Thread=0 | rd=3 <= 20
Time=1435000 | CoreState=110 | Thread=1 | rd=3 <= 21
Time=1435000 | CoreState=110 | Thread=2 | rd=3 <= 22
Time=1435000 | CoreState=110 | Thread=3 | rd=3 <= 23
[1445000] CONTROLLER (gpu_tb.dut.program_memory_controller): Ch 0 READ complete for Consumer 0. Returning to IDLE.
[1455000] CONTROLLER (gpu_tb.dut.program_memory_controller): Ch 0 accepted READ from Consumer 1, Addr=11
[1465000] SCHEDULER (gpu_tb.dut.cores[0].core_instance.scheduler_instance): Mem request dispatched. Waiting for LSUs...
[1475000] CONTROLLER (gpu_tb.dut.program_memory_controller): Ch 0 READ ready from mem. Relaying Data=32823 to Consumer 1
LSU Write: Addr=16, Data=1
LSU Write: Addr=17, Data=4
LSU Write: Addr=18, Data=7
LSU Write: Addr=19, Data=10
[1485000] CONTROLLER (gpu_tb.dut.data_memory_controller): Ch 0 accepted WRITE from Consumer 0, Addr=19, Data=10
[1485000] CONTROLLER (gpu_tb.dut.data_memory_controller): Ch 1 accepted WRITE from Consumer 1, Addr=18, Data=7
[1485000] CONTROLLER (gpu_tb.dut.data_memory_controller): Ch 2 accepted WRITE from Consumer 2, Addr=17, Data=4
[1485000] CONTROLLER (gpu_tb.dut.data_memory_controller): Ch 3 accepted WRITE from Consumer 3, Addr=16, Data=1
MEM_WRITE ch=0 addr=16 data=1 @ 1495000
MEM_WRITE ch=1 addr=17 data=4 @ 1495000
MEM_WRITE ch=2 addr=18 data=7 @ 1495000
MEM_WRITE ch=3 addr=19 data=10 @ 1495000
[1495000] CONTROLLER (gpu_tb.dut.program_memory_controller): Ch 0 READ complete for Consumer 1. Returning to IDLE.
[1505000] CONTROLLER (gpu_tb.dut.data_memory_controller): Ch 0 WRITE acknowledged by mem. Notifying Consumer 0
[1505000] CONTROLLER (gpu_tb.dut.data_memory_controller): Ch 1 WRITE acknowledged by mem. Notifying Consumer 1
[1505000] CONTROLLER (gpu_tb.dut.data_memory_controller): Ch 2 WRITE acknowledged by mem. Notifying Consumer 2
[1505000] CONTROLLER (gpu_tb.dut.data_memory_controller): Ch 3 WRITE acknowledged by mem. Notifying Consumer 3
[1515000] SCHEDULER (gpu_tb.dut.cores[1].core_instance.scheduler_instance): Mem request dispatched. Waiting for LSUs...
[1525000] CONTROLLER (gpu_tb.dut.data_memory_controller): Ch 0 WRITE complete for Consumer 0. Returning to IDLE.
[1525000] CONTROLLER (gpu_tb.dut.data_memory_controller): Ch 1 WRITE complete for Consumer 1. Returning to IDLE.
[1525000] CONTROLLER (gpu_tb.dut.data_memory_controller): Ch 2 WRITE complete for Consumer 2. Returning to IDLE.
[1525000] CONTROLLER (gpu_tb.dut.data_memory_controller): Ch 3 WRITE complete for Consumer 3. Returning to IDLE.
LSU Write: Addr=20, Data=13
LSU Write: Addr=21, Data=16
LSU Write: Addr=22, Data=19
LSU Write: Addr=23, Data=22
[1535000] CONTROLLER (gpu_tb.dut.data_memory_controller): Ch 0 accepted WRITE from Consumer 4, Addr=23, Data=22
[1535000] CONTROLLER (gpu_tb.dut.data_memory_controller): Ch 1 accepted WRITE from Consumer 5, Addr=22, Data=19
[1535000] CONTROLLER (gpu_tb.dut.data_memory_controller): Ch 2 accepted WRITE from Consumer 6, Addr=21, Data=16
[1535000] CONTROLLER (gpu_tb.dut.data_memory_controller): Ch 3 accepted WRITE from Consumer 7, Addr=20, Data=13
MEM_WRITE ch=0 addr=20 data=13 @ 1545000
MEM_WRITE ch=1 addr=21 data=16 @ 1545000
MEM_WRITE ch=2 addr=22 data=19 @ 1545000
MEM_WRITE ch=3 addr=23 data=22 @ 1545000
[1555000] CONTROLLER (gpu_tb.dut.data_memory_controller): Ch 0 WRITE acknowledged by mem. Notifying Consumer 4
[1555000] CONTROLLER (gpu_tb.dut.data_memory_controller): Ch 1 WRITE acknowledged by mem. Notifying Consumer 5
[1555000] CONTROLLER (gpu_tb.dut.data_memory_controller): Ch 2 WRITE acknowledged by mem. Notifying Consumer 6
[1555000] CONTROLLER (gpu_tb.dut.data_memory_controller): Ch 3 WRITE acknowledged by mem. Notifying Consumer 7
[1565000] CONTROLLER (gpu_tb.dut.program_memory_controller): Ch 0 accepted READ from Consumer 0, Addr=12
[1575000] CONTROLLER (gpu_tb.dut.data_memory_controller): Ch 0 WRITE complete for Consumer 4. Returning to IDLE.
[1575000] CONTROLLER (gpu_tb.dut.data_memory_controller): Ch 1 WRITE complete for Consumer 5. Returning to IDLE.
[1575000] CONTROLLER (gpu_tb.dut.data_memory_controller): Ch 2 WRITE complete for Consumer 6. Returning to IDLE.
[1575000] CONTROLLER (gpu_tb.dut.data_memory_controller): Ch 3 WRITE complete for Consumer 7. Returning to IDLE.
[1585000] CONTROLLER (gpu_tb.dut.program_memory_controller): Ch 0 READ ready from mem. Relaying Data=61440 to Consumer 0
[1605000] CONTROLLER (gpu_tb.dut.program_memory_controller): Ch 0 READ complete for Consumer 0. Returning to IDLE.
[1615000] CONTROLLER (gpu_tb.dut.program_memory_controller): Ch 0 accepted READ from Consumer 1, Addr=12
[1635000] CONTROLLER (gpu_tb.dut.program_memory_controller): Ch 0 READ ready from mem. Relaying Data=61440 to Consumer 1
[1655000] CONTROLLER (gpu_tb.dut.program_memory_controller): Ch 0 READ complete for Consumer 1. Returning to IDLE.
[1655000] SCHEDULER (gpu_tb.dut.cores[0].core_instance.scheduler_instance): Block execution DONE.
[1705000] SCHEDULER (gpu_tb.dut.cores[1].core_instance.scheduler_instance): Block execution DONE.
GPU done after ~167 cycles

--- Result Check ---
PASS C[0] = 1
PASS C[1] = 4
PASS C[2] = 7
PASS C[3] = 10
PASS C[4] = 13
PASS C[5] = 16
PASS C[6] = 19
PASS C[7] = 22
All 8 results correct.
mem[0] = 1
mem[1] = 2
mem[2] = 3
mem[3] = 4
mem[4] = 5
mem[5] = 6
mem[6] = 7
mem[7] = 8
mem[8] = 0
mem[9] = 2
mem[10] = 4
mem[11] = 6
mem[12] = 8
mem[13] = 10
mem[14] = 12
mem[15] = 14

--- Memory Dump ---
mem[0] = 1
mem[1] = 2
mem[2] = 3
mem[3] = 4
mem[4] = 5
mem[5] = 6
mem[6] = 7
mem[7] = 8
mem[8] = 0
mem[9] = 2
mem[10] = 4
mem[11] = 6
mem[12] = 8
mem[13] = 10
mem[14] = 12
mem[15] = 14
mem[16] = 1
mem[17] = 4
mem[18] = 7
mem[19] = 10
mem[20] = 13
mem[21] = 16
mem[22] = 19
mem[23] = 22

--- Simulation complete ---
$finish called at time : 1745 ns : File "C:/Users/ASUS/Desktop/tiny-gpu/src/tb/gpu_tb.sv" Line 343
