INFO: [USF-XSim-69] 'elaborate' step finished in '3' seconds
Vivado Simulator 2019.1
Time resolution is 1 ps
==================================================
   STARTING SIMT BRANCH DIVERGENCE TEST           
==================================================
[265000] [STALL] Fetch Stall! Waiting for instruction from memory.
[265000] [SCHEDULER] Block Started. Mask = 1111
[275000] CONTROLLER (tb_phase1.dut.program_memory_controller): Ch 0 accepted READ from Consumer 0, Addr=0
[275000] [STALL] Fetch Stall! Waiting for instruction from memory.
[285000] [STALL] Fetch Stall! Waiting for instruction from memory.
[295000] CONTROLLER (tb_phase1.dut.program_memory_controller): Ch 0 READ ready from mem. Relaying Data=37122 to Consumer 0
[295000] [STALL] Fetch Stall! Waiting for instruction from memory.
[305000] [STALL] Fetch Stall! Waiting for instruction from memory.
[315000] CONTROLLER (tb_phase1.dut.program_memory_controller): Ch 0 READ complete for Consumer 0. Returning to IDLE.
[315000] [IF->ID] Latching PC=0, Instr=9102, Mask=1111
[325000] CONTROLLER (tb_phase1.dut.program_memory_controller): Ch 0 accepted READ from Consumer 0, Addr=1
[325000] [STALL] Fetch Stall! Waiting for instruction from memory.
[325000] [ID->EX] PC=0, Mask=1111 | Decode: Rd=R1, Rs=R0, Rt=R2, Imm=2, RegWE=1, MemWE=0
[335000] [STALL] Fetch Stall! Waiting for instruction from memory.
[335000] [EX->MEM] PC=0, Mask=1111 Latching to MEM
[335000] [EX/EVAL] Thread 0 | Inputs: RS=0, RT=0 | ALU Out=0 | NextPC=1
[335000] [EX/EVAL] Thread 1 | Inputs: RS=0, RT=0 | ALU Out=0 | NextPC=1
[335000] [EX/EVAL] Thread 2 | Inputs: RS=0, RT=0 | ALU Out=0 | NextPC=1
[335000] [EX/EVAL] Thread 3 | Inputs: RS=0, RT=0 | ALU Out=0 | NextPC=1
[345000] CONTROLLER (tb_phase1.dut.program_memory_controller): Ch 0 READ ready from mem. Relaying Data=8433 to Consumer 0
[345000] [STALL] Fetch Stall! Waiting for instruction from memory.
[345000] [MEM->WB] Mask=1111 Latching to WB
[355000] [STALL] Fetch Stall! Waiting for instruction from memory.
[355000] [WB/WRITE]  Thread 0 | R1 <= 2 (Mux: 10)
[355000] [WB/WRITE]  Thread 1 | R1 <= 2 (Mux: 10)
[355000] [WB/WRITE]  Thread 2 | R1 <= 2 (Mux: 10)
[355000] [WB/WRITE]  Thread 3 | R1 <= 2 (Mux: 10)
[365000] CONTROLLER (tb_phase1.dut.program_memory_controller): Ch 0 READ complete for Consumer 0. Returning to IDLE.
[365000] [IF->ID] Latching PC=1, Instr=20f1, Mask=1111
[375000] CONTROLLER (tb_phase1.dut.program_memory_controller): Ch 0 accepted READ from Consumer 0, Addr=2
[375000] [STALL] Fetch Stall! Waiting for instruction from memory.
[375000] [ID->EX] PC=1, Mask=1111 | Decode: Rd=R0, Rs=R15, Rt=R1, Imm=241, RegWE=0, MemWE=0
[385000] [STALL] Fetch Stall! Waiting for instruction from memory.
[385000] [EX->MEM] PC=1, Mask=1111 Latching to MEM
[385000] [EX/EVAL] Thread 0 | Inputs: RS=0, RT=2 | ALU Out=1 | NextPC=2
[385000] [EX/EVAL] Thread 1 | Inputs: RS=1, RT=2 | ALU Out=1 | NextPC=2
[385000] [EX/EVAL] Thread 2 | Inputs: RS=2, RT=2 | ALU Out=2 | NextPC=2
[385000] [EX/EVAL] Thread 3 | Inputs: RS=3, RT=2 | ALU Out=4 | NextPC=2
[395000] CONTROLLER (tb_phase1.dut.program_memory_controller): Ch 0 READ ready from mem. Relaying Data=4618 to Consumer 0
[395000] [STALL] Fetch Stall! Waiting for instruction from memory.
[395000] [MEM->WB] Mask=1111 Latching to WB
[405000] [STALL] Fetch Stall! Waiting for instruction from memory.
[415000] CONTROLLER (tb_phase1.dut.program_memory_controller): Ch 0 READ complete for Consumer 0. Returning to IDLE.
[415000] [IF->ID] Latching PC=2, Instr=120a, Mask=1111
[425000] CONTROLLER (tb_phase1.dut.program_memory_controller): Ch 0 accepted READ from Consumer 0, Addr=3
[425000] [STALL] Fetch Stall! Waiting for instruction from memory.
[425000] [ID->EX] PC=2, Mask=1111 | Decode: Rd=R2, Rs=R0, Rt=R10, Imm=10, RegWE=0, MemWE=0
[435000] [STALL] Fetch Stall! Waiting for instruction from memory.
[435000] [EX->MEM] PC=2, Mask=1111 Latching to MEM
[435000] [EX/EVAL] Thread 0 | Inputs: RS=0, RT=0 | ALU Out=0 | NextPC=10
[435000] [EX/EVAL] Thread 1 | Inputs: RS=0, RT=0 | ALU Out=0 | NextPC=10
[435000] [EX/EVAL] Thread 2 | Inputs: RS=0, RT=0 | ALU Out=0 | NextPC=3
[435000] [EX/EVAL] Thread 3 | Inputs: RS=0, RT=0 | ALU Out=0 | NextPC=3
[435000] [SCHEDULER] SIMT PUSH: Divergence! Stack[0] = {PC:3, Mask:1100}. Branching to PC=10, Mask:0011
[445000] CONTROLLER (tb_phase1.dut.program_memory_controller): Ch 0 READ ready from mem. Relaying Data=37396 to Consumer 0
[445000] [STALL] Fetch Stall! Waiting for instruction from memory.
[445000] [FLUSH] IF/ID Pipeline Register Flushed
[445000] [FLUSH] ID/EX Pipeline Register Flushed
[445000] [FLUSH] EX/MEM Pipeline Register Flushed
[445000] [FLUSH] MEM/WB Pipeline Register Flushed
[455000] CONTROLLER (tb_phase1.dut.program_memory_controller): Ch 0 READ complete for Consumer 0. Returning to IDLE.
[455000] [STALL] Fetch Stall! Waiting for instruction from memory.
[465000] CONTROLLER (tb_phase1.dut.program_memory_controller): Ch 0 accepted READ from Consumer 0, Addr=10
[465000] [STALL] Fetch Stall! Waiting for instruction from memory.
[475000] [STALL] Fetch Stall! Waiting for instruction from memory.
[485000] CONTROLLER (tb_phase1.dut.program_memory_controller): Ch 0 READ ready from mem. Relaying Data=37386 to Consumer 0
[485000] [STALL] Fetch Stall! Waiting for instruction from memory.
[495000] [STALL] Fetch Stall! Waiting for instruction from memory.
[505000] CONTROLLER (tb_phase1.dut.program_memory_controller): Ch 0 READ complete for Consumer 0. Returning to IDLE.
[505000] [IF->ID] Latching PC=10, Instr=920a, Mask=0011
[515000] CONTROLLER (tb_phase1.dut.program_memory_controller): Ch 0 accepted READ from Consumer 0, Addr=11
[515000] [STALL] Fetch Stall! Waiting for instruction from memory.
[515000] [ID->EX] PC=10, Mask=0011 | Decode: Rd=R2, Rs=R0, Rt=R10, Imm=10, RegWE=1, MemWE=0
[525000] [STALL] Fetch Stall! Waiting for instruction from memory.
[525000] [EX->MEM] PC=10, Mask=0011 Latching to MEM
[525000] [EX/EVAL] Thread 0 | Inputs: RS=0, RT=0 | ALU Out=0 | NextPC=11
[525000] [EX/EVAL] Thread 1 | Inputs: RS=0, RT=0 | ALU Out=0 | NextPC=11
[535000] CONTROLLER (tb_phase1.dut.program_memory_controller): Ch 0 READ ready from mem. Relaying Data=0 to Consumer 0
[535000] [STALL] Fetch Stall! Waiting for instruction from memory.
[535000] [MEM->WB] Mask=0011 Latching to WB
[545000] [STALL] Fetch Stall! Waiting for instruction from memory.
[545000] [WB/WRITE]  Thread 0 | R2 <= 10 (Mux: 10)
[545000] [WB/WRITE]  Thread 1 | R2 <= 10 (Mux: 10)
[555000] CONTROLLER (tb_phase1.dut.program_memory_controller): Ch 0 READ complete for Consumer 0. Returning to IDLE.
[555000] [IF->ID] Latching PC=11, Instr=0000, Mask=0011
[565000] CONTROLLER (tb_phase1.dut.program_memory_controller): Ch 0 accepted READ from Consumer 0, Addr=12
[565000] [STALL] Fetch Stall! Waiting for instruction from memory.
[565000] [ID->EX] PC=11, Mask=0011 | Decode: Rd=R0, Rs=R0, Rt=R0, Imm=0, RegWE=0, MemWE=0
[575000] [STALL] Fetch Stall! Waiting for instruction from memory.
[575000] [EX->MEM] PC=11, Mask=0011 Latching to MEM
[575000] [EX/EVAL] Thread 0 | Inputs: RS=0, RT=0 | ALU Out=0 | NextPC=12
[575000] [EX/EVAL] Thread 1 | Inputs: RS=0, RT=0 | ALU Out=0 | NextPC=12
[585000] CONTROLLER (tb_phase1.dut.program_memory_controller): Ch 0 READ ready from mem. Relaying Data=0 to Consumer 0
[585000] [STALL] Fetch Stall! Waiting for instruction from memory.
[585000] [MEM->WB] Mask=0011 Latching to WB
[595000] [STALL] Fetch Stall! Waiting for instruction from memory.
[605000] CONTROLLER (tb_phase1.dut.program_memory_controller): Ch 0 READ complete for Consumer 0. Returning to IDLE.
[605000] [IF->ID] Latching PC=12, Instr=0000, Mask=0011
[615000] CONTROLLER (tb_phase1.dut.program_memory_controller): Ch 0 accepted READ from Consumer 0, Addr=13
[615000] [STALL] Fetch Stall! Waiting for instruction from memory.
[615000] [ID->EX] PC=12, Mask=0011 | Decode: Rd=R0, Rs=R0, Rt=R0, Imm=0, RegWE=0, MemWE=0
[625000] [STALL] Fetch Stall! Waiting for instruction from memory.
[625000] [EX->MEM] PC=12, Mask=0011 Latching to MEM
[625000] [EX/EVAL] Thread 0 | Inputs: RS=0, RT=0 | ALU Out=0 | NextPC=13
[625000] [EX/EVAL] Thread 1 | Inputs: RS=0, RT=0 | ALU Out=0 | NextPC=13
[635000] CONTROLLER (tb_phase1.dut.program_memory_controller): Ch 0 READ ready from mem. Relaying Data=0 to Consumer 0
[635000] [STALL] Fetch Stall! Waiting for instruction from memory.
[635000] [MEM->WB] Mask=0011 Latching to WB
[645000] [STALL] Fetch Stall! Waiting for instruction from memory.
[655000] CONTROLLER (tb_phase1.dut.program_memory_controller): Ch 0 READ complete for Consumer 0. Returning to IDLE.
[655000] [IF->ID] Latching PC=13, Instr=0000, Mask=0011
[665000] CONTROLLER (tb_phase1.dut.program_memory_controller): Ch 0 accepted READ from Consumer 0, Addr=14
[665000] [STALL] Fetch Stall! Waiting for instruction from memory.
[665000] [ID->EX] PC=13, Mask=0011 | Decode: Rd=R0, Rs=R0, Rt=R0, Imm=0, RegWE=0, MemWE=0
[675000] [STALL] Fetch Stall! Waiting for instruction from memory.
[675000] [EX->MEM] PC=13, Mask=0011 Latching to MEM
[675000] [EX/EVAL] Thread 0 | Inputs: RS=0, RT=0 | ALU Out=0 | NextPC=14
[675000] [EX/EVAL] Thread 1 | Inputs: RS=0, RT=0 | ALU Out=0 | NextPC=14
[685000] CONTROLLER (tb_phase1.dut.program_memory_controller): Ch 0 READ ready from mem. Relaying Data=33010 to Consumer 0
[685000] [STALL] Fetch Stall! Waiting for instruction from memory.
[685000] [MEM->WB] Mask=0011 Latching to WB
[695000] [STALL] Fetch Stall! Waiting for instruction from memory.
[705000] CONTROLLER (tb_phase1.dut.program_memory_controller): Ch 0 READ complete for Consumer 0. Returning to IDLE.
[705000] [IF->ID] Latching PC=14, Instr=80f2, Mask=0011
[715000] CONTROLLER (tb_phase1.dut.program_memory_controller): Ch 0 accepted READ from Consumer 0, Addr=15
[715000] [STALL] Fetch Stall! Waiting for instruction from memory.
[715000] [ID->EX] PC=14, Mask=0011 | Decode: Rd=R0, Rs=R15, Rt=R2, Imm=242, RegWE=0, MemWE=1
[725000] [STALL] Fetch Stall! Waiting for instruction from memory.
[725000] [EX->MEM] PC=14, Mask=0011 Latching to MEM
[725000] [EX/EVAL] Thread 0 | Inputs: RS=0, RT=10 | ALU Out=10 | NextPC=15
[725000] [EX/EVAL] Thread 1 | Inputs: RS=1, RT=10 | ALU Out=11 | NextPC=15
[735000] CONTROLLER (tb_phase1.dut.program_memory_controller): Ch 0 READ ready from mem. Relaying Data=0 to Consumer 0
[735000] [STALL] Backend (LSU) Memory Stall triggered
[735000] [STALL] Fetch Stall! Waiting for instruction from memory.
[735000] [MEM/WRITE] Thread 0 | Addr=0, Data=10
[735000] [MEM/WRITE] Thread 1 | Addr=1, Data=10
[745000] CONTROLLER (tb_phase1.dut.data_memory_controller): Ch 0 accepted WRITE from Consumer 0, Addr=0, Data=10
[745000] CONTROLLER (tb_phase1.dut.data_memory_controller): Ch 1 accepted WRITE from Consumer 1, Addr=1, Data=10
[745000] [STALL] Backend (LSU) Memory Stall triggered
[745000] [STALL] Fetch Stall! Waiting for instruction from memory.
[745000] [MEM/WRITE] Thread 0 | Addr=0, Data=10
[745000] [MEM/WRITE] Thread 1 | Addr=1, Data=10
[755000] CONTROLLER (tb_phase1.dut.program_memory_controller): Ch 0 READ complete for Consumer 0. Returning to IDLE.
[755000] [STALL] Backend (LSU) Memory Stall triggered
[755000] [MEM/WRITE] Thread 0 | Addr=0, Data=10
[755000] [MEM/WRITE] Thread 1 | Addr=1, Data=10
[765000] CONTROLLER (tb_phase1.dut.data_memory_controller): Ch 0 WRITE acknowledged by mem. Notifying Consumer 0
[765000] CONTROLLER (tb_phase1.dut.data_memory_controller): Ch 1 WRITE acknowledged by mem. Notifying Consumer 1
[765000] [STALL] Backend (LSU) Memory Stall triggered
[765000] [MEM/WRITE] Thread 0 | Addr=0, Data=10
[765000] [MEM/WRITE] Thread 1 | Addr=1, Data=10
[775000] [IF->ID] Latching PC=15, Instr=0000, Mask=0011
[775000] [MEM->WB] Mask=0011 Latching to WB
[775000] [MEM/WRITE] Thread 0 | Addr=0, Data=10
[775000] [MEM/WRITE] Thread 1 | Addr=1, Data=10
[785000] CONTROLLER (tb_phase1.dut.data_memory_controller): Ch 0 WRITE complete for Consumer 0. Returning to IDLE.
[785000] CONTROLLER (tb_phase1.dut.data_memory_controller): Ch 1 WRITE complete for Consumer 1. Returning to IDLE.
[785000] CONTROLLER (tb_phase1.dut.program_memory_controller): Ch 0 accepted READ from Consumer 0, Addr=16
[785000] [STALL] Fetch Stall! Waiting for instruction from memory.
[785000] [ID->EX] PC=15, Mask=0011 | Decode: Rd=R0, Rs=R0, Rt=R0, Imm=0, RegWE=0, MemWE=0
[795000] [STALL] Fetch Stall! Waiting for instruction from memory.
[795000] [EX->MEM] PC=15, Mask=0011 Latching to MEM
[795000] [EX/EVAL] Thread 0 | Inputs: RS=0, RT=0 | ALU Out=0 | NextPC=16
[795000] [EX/EVAL] Thread 1 | Inputs: RS=0, RT=0 | ALU Out=0 | NextPC=16
[805000] CONTROLLER (tb_phase1.dut.program_memory_controller): Ch 0 READ ready from mem. Relaying Data=61440 to Consumer 0
[805000] [STALL] Fetch Stall! Waiting for instruction from memory.
[805000] [MEM->WB] Mask=0011 Latching to WB
[815000] [STALL] Fetch Stall! Waiting for instruction from memory.
[825000] CONTROLLER (tb_phase1.dut.program_memory_controller): Ch 0 READ complete for Consumer 0. Returning to IDLE.
[825000] [IF->ID] Latching PC=16, Instr=f000, Mask=0011
[835000] CONTROLLER (tb_phase1.dut.program_memory_controller): Ch 0 accepted READ from Consumer 0, Addr=17
[835000] [STALL] Fetch Stall! Waiting for instruction from memory.
[835000] [ID->EX] PC=16, Mask=0011 | Decode: Rd=R0, Rs=R0, Rt=R0, Imm=0, RegWE=0, MemWE=0
[845000] [STALL] Fetch Stall! Waiting for instruction from memory.
[845000] [EX->MEM] PC=16, Mask=0011 Latching to MEM
[845000] [EX/EVAL] Thread 0 | Inputs: RS=0, RT=0 | ALU Out=0 | NextPC=17
[845000] [EX/EVAL] Thread 1 | Inputs: RS=0, RT=0 | ALU Out=0 | NextPC=17
[845000] [SCHEDULER] SIMT POP: Resuming PC=3, Mask=1100
[855000] CONTROLLER (tb_phase1.dut.program_memory_controller): Ch 0 READ ready from mem. Relaying Data=0 to Consumer 0
[855000] [STALL] Fetch Stall! Waiting for instruction from memory.
[855000] [FLUSH] IF/ID Pipeline Register Flushed
[855000] [FLUSH] ID/EX Pipeline Register Flushed
[855000] [FLUSH] EX/MEM Pipeline Register Flushed
[855000] [FLUSH] MEM/WB Pipeline Register Flushed
[865000] CONTROLLER (tb_phase1.dut.program_memory_controller): Ch 0 READ complete for Consumer 0. Returning to IDLE.
[865000] [STALL] Fetch Stall! Waiting for instruction from memory.
[875000] CONTROLLER (tb_phase1.dut.program_memory_controller): Ch 0 accepted READ from Consumer 0, Addr=3
[875000] [STALL] Fetch Stall! Waiting for instruction from memory.
[885000] [STALL] Fetch Stall! Waiting for instruction from memory.
[895000] CONTROLLER (tb_phase1.dut.program_memory_controller): Ch 0 READ ready from mem. Relaying Data=37396 to Consumer 0
[895000] [STALL] Fetch Stall! Waiting for instruction from memory.
[905000] [STALL] Fetch Stall! Waiting for instruction from memory.
[915000] CONTROLLER (tb_phase1.dut.program_memory_controller): Ch 0 READ complete for Consumer 0. Returning to IDLE.
[915000] [IF->ID] Latching PC=3, Instr=9214, Mask=1100
[925000] CONTROLLER (tb_phase1.dut.program_memory_controller): Ch 0 accepted READ from Consumer 0, Addr=4
[925000] [STALL] Fetch Stall! Waiting for instruction from memory.
[925000] [ID->EX] PC=3, Mask=1100 | Decode: Rd=R2, Rs=R1, Rt=R4, Imm=20, RegWE=1, MemWE=0
[935000] [STALL] Fetch Stall! Waiting for instruction from memory.
[935000] [EX->MEM] PC=3, Mask=1100 Latching to MEM
[935000] [EX/EVAL] Thread 2 | Inputs: RS=2, RT=0 | ALU Out=2 | NextPC=4
[935000] [EX/EVAL] Thread 3 | Inputs: RS=2, RT=0 | ALU Out=2 | NextPC=4
[945000] CONTROLLER (tb_phase1.dut.program_memory_controller): Ch 0 READ ready from mem. Relaying Data=0 to Consumer 0
[945000] [STALL] Fetch Stall! Waiting for instruction from memory.
[945000] [MEM->WB] Mask=1100 Latching to WB
[955000] [STALL] Fetch Stall! Waiting for instruction from memory.
[955000] [WB/WRITE]  Thread 2 | R2 <= 20 (Mux: 10)
[955000] [WB/WRITE]  Thread 3 | R2 <= 20 (Mux: 10)
[965000] CONTROLLER (tb_phase1.dut.program_memory_controller): Ch 0 READ complete for Consumer 0. Returning to IDLE.
[965000] [IF->ID] Latching PC=4, Instr=0000, Mask=1100
[975000] CONTROLLER (tb_phase1.dut.program_memory_controller): Ch 0 accepted READ from Consumer 0, Addr=5
[975000] [STALL] Fetch Stall! Waiting for instruction from memory.
[975000] [ID->EX] PC=4, Mask=1100 | Decode: Rd=R0, Rs=R0, Rt=R0, Imm=0, RegWE=0, MemWE=0
[985000] [STALL] Fetch Stall! Waiting for instruction from memory.
[985000] [EX->MEM] PC=4, Mask=1100 Latching to MEM
[985000] [EX/EVAL] Thread 2 | Inputs: RS=0, RT=0 | ALU Out=0 | NextPC=5
[985000] [EX/EVAL] Thread 3 | Inputs: RS=0, RT=0 | ALU Out=0 | NextPC=5
[995000] CONTROLLER (tb_phase1.dut.program_memory_controller): Ch 0 READ ready from mem. Relaying Data=0 to Consumer 0
[995000] [STALL] Fetch Stall! Waiting for instruction from memory.
[995000] [MEM->WB] Mask=1100 Latching to WB
relaunch_sim: Time (s): cpu = 00:00:00 ; elapsed = 00:00:06 . Memory (MB): peak = 838.617 ; gain = 0.000
run all
[1005000] [STALL] Fetch Stall! Waiting for instruction from memory.
[1015000] CONTROLLER (tb_phase1.dut.program_memory_controller): Ch 0 READ complete for Consumer 0. Returning to IDLE.
[1015000] [IF->ID] Latching PC=5, Instr=0000, Mask=1100
[1025000] CONTROLLER (tb_phase1.dut.program_memory_controller): Ch 0 accepted READ from Consumer 0, Addr=6
[1025000] [STALL] Fetch Stall! Waiting for instruction from memory.
[1025000] [ID->EX] PC=5, Mask=1100 | Decode: Rd=R0, Rs=R0, Rt=R0, Imm=0, RegWE=0, MemWE=0
[1035000] [STALL] Fetch Stall! Waiting for instruction from memory.
[1035000] [EX->MEM] PC=5, Mask=1100 Latching to MEM
[1035000] [EX/EVAL] Thread 2 | Inputs: RS=0, RT=0 | ALU Out=0 | NextPC=6
[1035000] [EX/EVAL] Thread 3 | Inputs: RS=0, RT=0 | ALU Out=0 | NextPC=6
[1045000] CONTROLLER (tb_phase1.dut.program_memory_controller): Ch 0 READ ready from mem. Relaying Data=0 to Consumer 0
[1045000] [STALL] Fetch Stall! Waiting for instruction from memory.
[1045000] [MEM->WB] Mask=1100 Latching to WB
[1055000] [STALL] Fetch Stall! Waiting for instruction from memory.
[1065000] CONTROLLER (tb_phase1.dut.program_memory_controller): Ch 0 READ complete for Consumer 0. Returning to IDLE.
[1065000] [IF->ID] Latching PC=6, Instr=0000, Mask=1100
[1075000] CONTROLLER (tb_phase1.dut.program_memory_controller): Ch 0 accepted READ from Consumer 0, Addr=7
[1075000] [STALL] Fetch Stall! Waiting for instruction from memory.
[1075000] [ID->EX] PC=6, Mask=1100 | Decode: Rd=R0, Rs=R0, Rt=R0, Imm=0, RegWE=0, MemWE=0
[1085000] [STALL] Fetch Stall! Waiting for instruction from memory.
[1085000] [EX->MEM] PC=6, Mask=1100 Latching to MEM
[1085000] [EX/EVAL] Thread 2 | Inputs: RS=0, RT=0 | ALU Out=0 | NextPC=7
[1085000] [EX/EVAL] Thread 3 | Inputs: RS=0, RT=0 | ALU Out=0 | NextPC=7
[1095000] CONTROLLER (tb_phase1.dut.program_memory_controller): Ch 0 READ ready from mem. Relaying Data=7694 to Consumer 0
[1095000] [STALL] Fetch Stall! Waiting for instruction from memory.
[1095000] [MEM->WB] Mask=1100 Latching to WB
[1105000] [STALL] Fetch Stall! Waiting for instruction from memory.
[1115000] CONTROLLER (tb_phase1.dut.program_memory_controller): Ch 0 READ complete for Consumer 0. Returning to IDLE.
[1115000] [IF->ID] Latching PC=7, Instr=1e0e, Mask=1100
[1125000] CONTROLLER (tb_phase1.dut.program_memory_controller): Ch 0 accepted READ from Consumer 0, Addr=8
[1125000] [STALL] Fetch Stall! Waiting for instruction from memory.
[1125000] [ID->EX] PC=7, Mask=1100 | Decode: Rd=R14, Rs=R0, Rt=R14, Imm=14, RegWE=0, MemWE=0
[1135000] [STALL] Fetch Stall! Waiting for instruction from memory.
[1135000] [EX->MEM] PC=7, Mask=1100 Latching to MEM
[1135000] [EX/EVAL] Thread 2 | Inputs: RS=0, RT=4 | ALU Out=4 | NextPC=14
[1135000] [EX/EVAL] Thread 3 | Inputs: RS=0, RT=4 | ALU Out=4 | NextPC=14
[1135000] [SCHEDULER] Uniform Branch taken to PC=14
[1145000] CONTROLLER (tb_phase1.dut.program_memory_controller): Ch 0 READ ready from mem. Relaying Data=0 to Consumer 0
[1145000] [STALL] Fetch Stall! Waiting for instruction from memory.
[1145000] [FLUSH] IF/ID Pipeline Register Flushed
[1145000] [FLUSH] ID/EX Pipeline Register Flushed
[1145000] [FLUSH] EX/MEM Pipeline Register Flushed
[1145000] [FLUSH] MEM/WB Pipeline Register Flushed
[1155000] CONTROLLER (tb_phase1.dut.program_memory_controller): Ch 0 READ complete for Consumer 0. Returning to IDLE.
[1155000] [STALL] Fetch Stall! Waiting for instruction from memory.
[1165000] CONTROLLER (tb_phase1.dut.program_memory_controller): Ch 0 accepted READ from Consumer 0, Addr=14
[1165000] [STALL] Fetch Stall! Waiting for instruction from memory.
[1175000] [STALL] Fetch Stall! Waiting for instruction from memory.
[1185000] CONTROLLER (tb_phase1.dut.program_memory_controller): Ch 0 READ ready from mem. Relaying Data=33010 to Consumer 0
[1185000] [STALL] Fetch Stall! Waiting for instruction from memory.
[1195000] [STALL] Fetch Stall! Waiting for instruction from memory.
[1205000] CONTROLLER (tb_phase1.dut.program_memory_controller): Ch 0 READ complete for Consumer 0. Returning to IDLE.
[1205000] [IF->ID] Latching PC=14, Instr=80f2, Mask=1100
[1215000] CONTROLLER (tb_phase1.dut.program_memory_controller): Ch 0 accepted READ from Consumer 0, Addr=15
[1215000] [STALL] Fetch Stall! Waiting for instruction from memory.
[1215000] [ID->EX] PC=14, Mask=1100 | Decode: Rd=R0, Rs=R15, Rt=R2, Imm=242, RegWE=0, MemWE=1
[1225000] [STALL] Fetch Stall! Waiting for instruction from memory.
[1225000] [EX->MEM] PC=14, Mask=1100 Latching to MEM
[1225000] [EX/EVAL] Thread 2 | Inputs: RS=2, RT=20 | ALU Out=22 | NextPC=15
[1225000] [EX/EVAL] Thread 3 | Inputs: RS=3, RT=20 | ALU Out=23 | NextPC=15
[1235000] CONTROLLER (tb_phase1.dut.program_memory_controller): Ch 0 READ ready from mem. Relaying Data=0 to Consumer 0
[1235000] [STALL] Backend (LSU) Memory Stall triggered
[1235000] [STALL] Fetch Stall! Waiting for instruction from memory.
[1235000] [MEM/WRITE] Thread 2 | Addr=2, Data=20
[1235000] [MEM/WRITE] Thread 3 | Addr=3, Data=20
[1245000] CONTROLLER (tb_phase1.dut.data_memory_controller): Ch 0 accepted WRITE from Consumer 2, Addr=2, Data=20
[1245000] CONTROLLER (tb_phase1.dut.data_memory_controller): Ch 1 accepted WRITE from Consumer 3, Addr=3, Data=20
[1245000] [STALL] Backend (LSU) Memory Stall triggered
[1245000] [STALL] Fetch Stall! Waiting for instruction from memory.
[1245000] [MEM/WRITE] Thread 2 | Addr=2, Data=20
[1245000] [MEM/WRITE] Thread 3 | Addr=3, Data=20
[1255000] CONTROLLER (tb_phase1.dut.program_memory_controller): Ch 0 READ complete for Consumer 0. Returning to IDLE.
[1255000] [STALL] Backend (LSU) Memory Stall triggered
[1255000] [MEM/WRITE] Thread 2 | Addr=2, Data=20
[1255000] [MEM/WRITE] Thread 3 | Addr=3, Data=20
[1265000] CONTROLLER (tb_phase1.dut.data_memory_controller): Ch 0 WRITE acknowledged by mem. Notifying Consumer 2
[1265000] CONTROLLER (tb_phase1.dut.data_memory_controller): Ch 1 WRITE acknowledged by mem. Notifying Consumer 3
[1265000] [STALL] Backend (LSU) Memory Stall triggered
[1265000] [MEM/WRITE] Thread 2 | Addr=2, Data=20
[1265000] [MEM/WRITE] Thread 3 | Addr=3, Data=20
[1275000] [IF->ID] Latching PC=15, Instr=0000, Mask=1100
[1275000] [MEM->WB] Mask=1100 Latching to WB
[1275000] [MEM/WRITE] Thread 2 | Addr=2, Data=20
[1275000] [MEM/WRITE] Thread 3 | Addr=3, Data=20
[1285000] CONTROLLER (tb_phase1.dut.data_memory_controller): Ch 0 WRITE complete for Consumer 2. Returning to IDLE.
[1285000] CONTROLLER (tb_phase1.dut.data_memory_controller): Ch 1 WRITE complete for Consumer 3. Returning to IDLE.
[1285000] CONTROLLER (tb_phase1.dut.program_memory_controller): Ch 0 accepted READ from Consumer 0, Addr=16
[1285000] [STALL] Fetch Stall! Waiting for instruction from memory.
[1285000] [ID->EX] PC=15, Mask=1100 | Decode: Rd=R0, Rs=R0, Rt=R0, Imm=0, RegWE=0, MemWE=0
[1295000] [STALL] Fetch Stall! Waiting for instruction from memory.
[1295000] [EX->MEM] PC=15, Mask=1100 Latching to MEM
[1295000] [EX/EVAL] Thread 2 | Inputs: RS=0, RT=0 | ALU Out=0 | NextPC=16
[1295000] [EX/EVAL] Thread 3 | Inputs: RS=0, RT=0 | ALU Out=0 | NextPC=16
[1305000] CONTROLLER (tb_phase1.dut.program_memory_controller): Ch 0 READ ready from mem. Relaying Data=61440 to Consumer 0
[1305000] [STALL] Fetch Stall! Waiting for instruction from memory.
[1305000] [MEM->WB] Mask=1100 Latching to WB
[1315000] [STALL] Fetch Stall! Waiting for instruction from memory.
[1325000] CONTROLLER (tb_phase1.dut.program_memory_controller): Ch 0 READ complete for Consumer 0. Returning to IDLE.
[1325000] [IF->ID] Latching PC=16, Instr=f000, Mask=1100
[1335000] CONTROLLER (tb_phase1.dut.program_memory_controller): Ch 0 accepted READ from Consumer 0, Addr=17
[1335000] [STALL] Fetch Stall! Waiting for instruction from memory.
[1335000] [ID->EX] PC=16, Mask=1100 | Decode: Rd=R0, Rs=R0, Rt=R0, Imm=0, RegWE=0, MemWE=0
[1345000] [STALL] Fetch Stall! Waiting for instruction from memory.
[1345000] [EX->MEM] PC=16, Mask=1100 Latching to MEM
[1345000] [EX/EVAL] Thread 2 | Inputs: RS=0, RT=0 | ALU Out=0 | NextPC=17
[1345000] [EX/EVAL] Thread 3 | Inputs: RS=0, RT=0 | ALU Out=0 | NextPC=17
[1345000] [SCHEDULER] Block Finished! Releasing bus.
[1355000] CONTROLLER (tb_phase1.dut.program_memory_controller): Ch 0 READ ready from mem. Relaying Data=0 to Consumer 0
[1355000] [MEM->WB] Mask=1100 Latching to WB
[1355000] [TESTBENCH] Execution Completed!
==================================================
   VERIFYING DIVERGENCE RESULTS
==================================================
Thread 0 Output: 10 [PASS]
Thread 1 Output: 10 [PASS]
Thread 2 Output: 20 [PASS]
Thread 3 Output: 20 [PASS]
$finish called at time : 1375 ns : File "../src/tb/warp/tb_phase1.sv" Line 163