==================================================
   STARTING PIPELINED GPU VECTOR ADDITION TEST
==================================================
[55000] [STALL] Fetcher waiting on Program Memory...
[55000] [SCHEDULER] Block Started. Mask = 1111
[55000] [STALL] Fetcher waiting on Program Memory...
[55000] [SCHEDULER] Block Started. Mask = 1111
[65000] CONTROLLER (tb_gpu_pipelined.dut.program_memory_controller): Ch 0 accepted READ from Consumer 0, Addr=0
[65000] [STALL] Fetcher waiting on Program Memory...
[65000] [STALL] Fetcher waiting on Program Memory...
[75000] [STALL] Fetcher waiting on Program Memory...
[75000] [STALL] Fetcher waiting on Program Memory...
[85000] CONTROLLER (tb_gpu_pipelined.dut.program_memory_controller): Ch 0 READ ready from mem. Relaying Data=20702 to Consumer 0
[85000] [STALL] Fetcher waiting on Program Memory...
[85000] [STALL] Fetcher waiting on Program Memory...
[95000] [STALL] Fetcher waiting on Program Memory...
[95000] [STALL] Fetcher waiting on Program Memory...
[105000] CONTROLLER (tb_gpu_pipelined.dut.program_memory_controller): Ch 0 READ complete for Consumer 0. Returning to IDLE.
[105000] [IF]  Fetched PC=0, Instr=50de
[105000] [STALL] Fetcher waiting on Program Memory...
[115000] CONTROLLER (tb_gpu_pipelined.dut.program_memory_controller): Ch 0 accepted READ from Consumer 0, Addr=1
[115000] [STALL] Fetcher waiting on Program Memory...
[115000] [ID]  Decoded PC=0
[115000] [STALL] Fetcher waiting on Program Memory...
[125000] [STALL] Fetcher waiting on Program Memory...
[125000] [EX]  Executing PC=0, Mask=1111
[125000] [STALL] Fetcher waiting on Program Memory...
[135000] CONTROLLER (tb_gpu_pipelined.dut.program_memory_controller): Ch 0 READ ready from mem. Relaying Data=0 to Consumer 0
[135000] [STALL] Fetcher waiting on Program Memory...
[135000] [MEM] Bypassing/Completing Memory Stage
[135000] [STALL] Fetcher waiting on Program Memory...
[145000] [STALL] Fetcher waiting on Program Memory...
[145000] [WB]  Thread 0: Writing rd(0) <= 0
[145000] [WB]  Thread 1: Writing rd(0) <= 0
[145000] [WB]  Thread 2: Writing rd(0) <= 0
[145000] [WB]  Thread 3: Writing rd(0) <= 0
[145000] [STALL] Fetcher waiting on Program Memory...
[155000] CONTROLLER (tb_gpu_pipelined.dut.program_memory_controller): Ch 0 READ complete for Consumer 0. Returning to IDLE.
[155000] [IF]  Fetched PC=1, Instr=0000
[155000] [STALL] Fetcher waiting on Program Memory...
[165000] CONTROLLER (tb_gpu_pipelined.dut.program_memory_controller): Ch 0 accepted READ from Consumer 0, Addr=2
[165000] [STALL] Fetcher waiting on Program Memory...
[165000] [ID]  Decoded PC=1
[165000] [STALL] Fetcher waiting on Program Memory...
[175000] [STALL] Fetcher waiting on Program Memory...
[175000] [EX]  Executing PC=1, Mask=1111
[175000] [STALL] Fetcher waiting on Program Memory...
[185000] CONTROLLER (tb_gpu_pipelined.dut.program_memory_controller): Ch 0 READ ready from mem. Relaying Data=0 to Consumer 0
[185000] [STALL] Fetcher waiting on Program Memory...
[185000] [MEM] Bypassing/Completing Memory Stage
[185000] [STALL] Fetcher waiting on Program Memory...
[195000] [STALL] Fetcher waiting on Program Memory...
[195000] [STALL] Fetcher waiting on Program Memory...
[205000] CONTROLLER (tb_gpu_pipelined.dut.program_memory_controller): Ch 0 READ complete for Consumer 0. Returning to IDLE.
[205000] [IF]  Fetched PC=2, Instr=0000
[205000] [STALL] Fetcher waiting on Program Memory...
[215000] CONTROLLER (tb_gpu_pipelined.dut.program_memory_controller): Ch 0 accepted READ from Consumer 0, Addr=3
[215000] [STALL] Fetcher waiting on Program Memory...
[215000] [ID]  Decoded PC=2
[215000] [STALL] Fetcher waiting on Program Memory...
[225000] [STALL] Fetcher waiting on Program Memory...
[225000] [EX]  Executing PC=2, Mask=1111
[225000] [STALL] Fetcher waiting on Program Memory...
[235000] CONTROLLER (tb_gpu_pipelined.dut.program_memory_controller): Ch 0 READ ready from mem. Relaying Data=0 to Consumer 0
[235000] [STALL] Fetcher waiting on Program Memory...
[235000] [MEM] Bypassing/Completing Memory Stage
[235000] [STALL] Fetcher waiting on Program Memory...
[245000] [STALL] Fetcher waiting on Program Memory...
[245000] [STALL] Fetcher waiting on Program Memory...
[255000] CONTROLLER (tb_gpu_pipelined.dut.program_memory_controller): Ch 0 READ complete for Consumer 0. Returning to IDLE.
[255000] [IF]  Fetched PC=3, Instr=0000
[255000] [STALL] Fetcher waiting on Program Memory...
[265000] CONTROLLER (tb_gpu_pipelined.dut.program_memory_controller): Ch 0 accepted READ from Consumer 0, Addr=4
[265000] [STALL] Fetcher waiting on Program Memory...
[265000] [ID]  Decoded PC=3
[265000] [STALL] Fetcher waiting on Program Memory...
[275000] [STALL] Fetcher waiting on Program Memory...
[275000] [EX]  Executing PC=3, Mask=1111
[275000] [STALL] Fetcher waiting on Program Memory...
[285000] CONTROLLER (tb_gpu_pipelined.dut.program_memory_controller): Ch 0 READ ready from mem. Relaying Data=12303 to Consumer 0
[285000] [STALL] Fetcher waiting on Program Memory...
[285000] [MEM] Bypassing/Completing Memory Stage
[285000] [STALL] Fetcher waiting on Program Memory...
[295000] [STALL] Fetcher waiting on Program Memory...
[295000] [STALL] Fetcher waiting on Program Memory...
[305000] CONTROLLER (tb_gpu_pipelined.dut.program_memory_controller): Ch 0 READ complete for Consumer 0. Returning to IDLE.
[305000] [IF]  Fetched PC=4, Instr=300f
[305000] [STALL] Fetcher waiting on Program Memory...
[315000] CONTROLLER (tb_gpu_pipelined.dut.program_memory_controller): Ch 0 accepted READ from Consumer 0, Addr=5
[315000] [STALL] Fetcher waiting on Program Memory...
[315000] [ID]  Decoded PC=4
[315000] [STALL] Fetcher waiting on Program Memory...
[325000] [STALL] Fetcher waiting on Program Memory...
[325000] [EX]  Executing PC=4, Mask=1111
[325000] [STALL] Fetcher waiting on Program Memory...
[335000] CONTROLLER (tb_gpu_pipelined.dut.program_memory_controller): Ch 0 READ ready from mem. Relaying Data=0 to Consumer 0
[335000] [STALL] Fetcher waiting on Program Memory...
[335000] [MEM] Bypassing/Completing Memory Stage
[335000] [STALL] Fetcher waiting on Program Memory...
[345000] [STALL] Fetcher waiting on Program Memory...
[345000] [WB]  Thread 0: Writing rd(0) <= 0
[345000] [WB]  Thread 1: Writing rd(0) <= 1
[345000] [WB]  Thread 2: Writing rd(0) <= 2
[345000] [WB]  Thread 3: Writing rd(0) <= 3
[345000] [STALL] Fetcher waiting on Program Memory...
[355000] CONTROLLER (tb_gpu_pipelined.dut.program_memory_controller): Ch 0 READ complete for Consumer 0. Returning to IDLE.
[355000] [IF]  Fetched PC=5, Instr=0000
[355000] [STALL] Fetcher waiting on Program Memory...
[365000] CONTROLLER (tb_gpu_pipelined.dut.program_memory_controller): Ch 0 accepted READ from Consumer 0, Addr=6
[365000] [STALL] Fetcher waiting on Program Memory...
[365000] [ID]  Decoded PC=5
[365000] [STALL] Fetcher waiting on Program Memory...
[375000] [STALL] Fetcher waiting on Program Memory...
[375000] [EX]  Executing PC=5, Mask=1111
[375000] [STALL] Fetcher waiting on Program Memory...
[385000] CONTROLLER (tb_gpu_pipelined.dut.program_memory_controller): Ch 0 READ ready from mem. Relaying Data=0 to Consumer 0
[385000] [STALL] Fetcher waiting on Program Memory...
[385000] [MEM] Bypassing/Completing Memory Stage
[385000] [STALL] Fetcher waiting on Program Memory...
[395000] [STALL] Fetcher waiting on Program Memory...
[395000] [STALL] Fetcher waiting on Program Memory...
[405000] CONTROLLER (tb_gpu_pipelined.dut.program_memory_controller): Ch 0 READ complete for Consumer 0. Returning to IDLE.
[405000] [IF]  Fetched PC=6, Instr=0000
[405000] [STALL] Fetcher waiting on Program Memory...
[415000] CONTROLLER (tb_gpu_pipelined.dut.program_memory_controller): Ch 0 accepted READ from Consumer 0, Addr=7
[415000] [STALL] Fetcher waiting on Program Memory...
[415000] [ID]  Decoded PC=6
[415000] [STALL] Fetcher waiting on Program Memory...
[425000] [STALL] Fetcher waiting on Program Memory...
[425000] [EX]  Executing PC=6, Mask=1111
[425000] [STALL] Fetcher waiting on Program Memory...
[435000] CONTROLLER (tb_gpu_pipelined.dut.program_memory_controller): Ch 0 READ ready from mem. Relaying Data=0 to Consumer 0
[435000] [STALL] Fetcher waiting on Program Memory...
[435000] [MEM] Bypassing/Completing Memory Stage
[435000] [STALL] Fetcher waiting on Program Memory...
[445000] [STALL] Fetcher waiting on Program Memory...
[445000] [STALL] Fetcher waiting on Program Memory...
[455000] CONTROLLER (tb_gpu_pipelined.dut.program_memory_controller): Ch 0 READ complete for Consumer 0. Returning to IDLE.
[455000] [IF]  Fetched PC=7, Instr=0000
[455000] [STALL] Fetcher waiting on Program Memory...
[465000] CONTROLLER (tb_gpu_pipelined.dut.program_memory_controller): Ch 0 accepted READ from Consumer 0, Addr=8
[465000] [STALL] Fetcher waiting on Program Memory...
[465000] [ID]  Decoded PC=7
[465000] [STALL] Fetcher waiting on Program Memory...
[475000] [STALL] Fetcher waiting on Program Memory...
[475000] [EX]  Executing PC=7, Mask=1111
[475000] [STALL] Fetcher waiting on Program Memory...
[485000] CONTROLLER (tb_gpu_pipelined.dut.program_memory_controller): Ch 0 READ ready from mem. Relaying Data=37120 to Consumer 0
[485000] [STALL] Fetcher waiting on Program Memory...
[485000] [MEM] Bypassing/Completing Memory Stage
[485000] [STALL] Fetcher waiting on Program Memory...
[495000] [STALL] Fetcher waiting on Program Memory...
[495000] [STALL] Fetcher waiting on Program Memory...
[505000] CONTROLLER (tb_gpu_pipelined.dut.program_memory_controller): Ch 0 READ complete for Consumer 0. Returning to IDLE.
[505000] [IF]  Fetched PC=8, Instr=9100
[505000] [STALL] Fetcher waiting on Program Memory...
[515000] CONTROLLER (tb_gpu_pipelined.dut.program_memory_controller): Ch 0 accepted READ from Consumer 0, Addr=9
[515000] [STALL] Fetcher waiting on Program Memory...
[515000] [ID]  Decoded PC=8
[515000] [STALL] Fetcher waiting on Program Memory...
[525000] [STALL] Fetcher waiting on Program Memory...
[525000] [EX]  Executing PC=8, Mask=1111
[525000] [STALL] Fetcher waiting on Program Memory...
[535000] CONTROLLER (tb_gpu_pipelined.dut.program_memory_controller): Ch 0 READ ready from mem. Relaying Data=37640 to Consumer 0
[535000] [STALL] Fetcher waiting on Program Memory...
[535000] [MEM] Bypassing/Completing Memory Stage
[535000] [STALL] Fetcher waiting on Program Memory...
[545000] [STALL] Fetcher waiting on Program Memory...
[545000] [WB]  Thread 0: Writing rd(1) <= 0
[545000] [WB]  Thread 1: Writing rd(1) <= 0
[545000] [WB]  Thread 2: Writing rd(1) <= 0
[545000] [WB]  Thread 3: Writing rd(1) <= 0
[545000] [STALL] Fetcher waiting on Program Memory...
[555000] CONTROLLER (tb_gpu_pipelined.dut.program_memory_controller): Ch 0 READ complete for Consumer 0. Returning to IDLE.
[555000] [IF]  Fetched PC=9, Instr=9308
[555000] [STALL] Fetcher waiting on Program Memory...
[565000] CONTROLLER (tb_gpu_pipelined.dut.program_memory_controller): Ch 0 accepted READ from Consumer 0, Addr=10
[565000] [STALL] Fetcher waiting on Program Memory...
[565000] [ID]  Decoded PC=9
[565000] [STALL] Fetcher waiting on Program Memory...
[575000] [STALL] Fetcher waiting on Program Memory...
[575000] [EX]  Executing PC=9, Mask=1111
[575000] [STALL] Fetcher waiting on Program Memory...
[585000] CONTROLLER (tb_gpu_pipelined.dut.program_memory_controller): Ch 0 READ ready from mem. Relaying Data=38416 to Consumer 0
[585000] [STALL] Fetcher waiting on Program Memory...
[585000] [MEM] Bypassing/Completing Memory Stage
[585000] [STALL] Fetcher waiting on Program Memory...
[595000] [STALL] Fetcher waiting on Program Memory...
[595000] [WB]  Thread 0: Writing rd(3) <= 8
[595000] [WB]  Thread 1: Writing rd(3) <= 8
[595000] [WB]  Thread 2: Writing rd(3) <= 8
[595000] [WB]  Thread 3: Writing rd(3) <= 8
[595000] [STALL] Fetcher waiting on Program Memory...
[605000] CONTROLLER (tb_gpu_pipelined.dut.program_memory_controller): Ch 0 READ complete for Consumer 0. Returning to IDLE.
[605000] [IF]  Fetched PC=10, Instr=9610
[605000] [STALL] Fetcher waiting on Program Memory...
[615000] CONTROLLER (tb_gpu_pipelined.dut.program_memory_controller): Ch 0 accepted READ from Consumer 0, Addr=11
[615000] [STALL] Fetcher waiting on Program Memory...
[615000] [ID]  Decoded PC=10
[615000] [STALL] Fetcher waiting on Program Memory...
[625000] [STALL] Fetcher waiting on Program Memory...
[625000] [EX]  Executing PC=10, Mask=1111
[625000] [STALL] Fetcher waiting on Program Memory...
[635000] CONTROLLER (tb_gpu_pipelined.dut.program_memory_controller): Ch 0 READ ready from mem. Relaying Data=0 to Consumer 0
[635000] [STALL] Fetcher waiting on Program Memory...
[635000] [MEM] Bypassing/Completing Memory Stage
[635000] [STALL] Fetcher waiting on Program Memory...
[645000] [STALL] Fetcher waiting on Program Memory...
[645000] [WB]  Thread 0: Writing rd(6) <= 16
[645000] [WB]  Thread 1: Writing rd(6) <= 16
[645000] [WB]  Thread 2: Writing rd(6) <= 16
[645000] [WB]  Thread 3: Writing rd(6) <= 16
[645000] [STALL] Fetcher waiting on Program Memory...
[655000] CONTROLLER (tb_gpu_pipelined.dut.program_memory_controller): Ch 0 READ complete for Consumer 0. Returning to IDLE.
[655000] [IF]  Fetched PC=11, Instr=0000
[655000] [STALL] Fetcher waiting on Program Memory...
[665000] CONTROLLER (tb_gpu_pipelined.dut.program_memory_controller): Ch 0 accepted READ from Consumer 0, Addr=12
[665000] [STALL] Fetcher waiting on Program Memory...
[665000] [ID]  Decoded PC=11
[665000] [STALL] Fetcher waiting on Program Memory...
[675000] [STALL] Fetcher waiting on Program Memory...
[675000] [EX]  Executing PC=11, Mask=1111
[675000] [STALL] Fetcher waiting on Program Memory...
[685000] CONTROLLER (tb_gpu_pipelined.dut.program_memory_controller): Ch 0 READ ready from mem. Relaying Data=0 to Consumer 0
[685000] [STALL] Fetcher waiting on Program Memory...
[685000] [MEM] Bypassing/Completing Memory Stage
[685000] [STALL] Fetcher waiting on Program Memory...
[695000] [STALL] Fetcher waiting on Program Memory...
[695000] [STALL] Fetcher waiting on Program Memory...
[705000] CONTROLLER (tb_gpu_pipelined.dut.program_memory_controller): Ch 0 READ complete for Consumer 0. Returning to IDLE.
[705000] [IF]  Fetched PC=12, Instr=0000
[705000] [STALL] Fetcher waiting on Program Memory...
[715000] CONTROLLER (tb_gpu_pipelined.dut.program_memory_controller): Ch 0 accepted READ from Consumer 0, Addr=13
[715000] [STALL] Fetcher waiting on Program Memory...
[715000] [ID]  Decoded PC=12
[715000] [STALL] Fetcher waiting on Program Memory...
[725000] [STALL] Fetcher waiting on Program Memory...
[725000] [EX]  Executing PC=12, Mask=1111
[725000] [STALL] Fetcher waiting on Program Memory...
[735000] CONTROLLER (tb_gpu_pipelined.dut.program_memory_controller): Ch 0 READ ready from mem. Relaying Data=0 to Consumer 0
[735000] [STALL] Fetcher waiting on Program Memory...
[735000] [MEM] Bypassing/Completing Memory Stage
[735000] [STALL] Fetcher waiting on Program Memory...
[745000] [STALL] Fetcher waiting on Program Memory...
[745000] [STALL] Fetcher waiting on Program Memory...
[755000] CONTROLLER (tb_gpu_pipelined.dut.program_memory_controller): Ch 0 READ complete for Consumer 0. Returning to IDLE.
[755000] [IF]  Fetched PC=13, Instr=0000
[755000] [STALL] Fetcher waiting on Program Memory...
[765000] CONTROLLER (tb_gpu_pipelined.dut.program_memory_controller): Ch 0 accepted READ from Consumer 0, Addr=14
[765000] [STALL] Fetcher waiting on Program Memory...
[765000] [ID]  Decoded PC=13
[765000] [STALL] Fetcher waiting on Program Memory...
[775000] [STALL] Fetcher waiting on Program Memory...
[775000] [EX]  Executing PC=13, Mask=1111
[775000] [STALL] Fetcher waiting on Program Memory...
[785000] CONTROLLER (tb_gpu_pipelined.dut.program_memory_controller): Ch 0 READ ready from mem. Relaying Data=12560 to Consumer 0
[785000] [STALL] Fetcher waiting on Program Memory...
[785000] [MEM] Bypassing/Completing Memory Stage
[785000] [STALL] Fetcher waiting on Program Memory...
[795000] [STALL] Fetcher waiting on Program Memory...
[795000] [STALL] Fetcher waiting on Program Memory...
[805000] CONTROLLER (tb_gpu_pipelined.dut.program_memory_controller): Ch 0 READ complete for Consumer 0. Returning to IDLE.
[805000] [IF]  Fetched PC=14, Instr=3110
[805000] [STALL] Fetcher waiting on Program Memory...
[815000] CONTROLLER (tb_gpu_pipelined.dut.program_memory_controller): Ch 0 accepted READ from Consumer 0, Addr=15
[815000] [STALL] Fetcher waiting on Program Memory...
[815000] [ID]  Decoded PC=14
[815000] [STALL] Fetcher waiting on Program Memory...
[825000] [STALL] Fetcher waiting on Program Memory...
[825000] [EX]  Executing PC=14, Mask=1111
[825000] [STALL] Fetcher waiting on Program Memory...
[835000] CONTROLLER (tb_gpu_pipelined.dut.program_memory_controller): Ch 0 READ ready from mem. Relaying Data=13104 to Consumer 0
[835000] [STALL] Fetcher waiting on Program Memory...
[835000] [MEM] Bypassing/Completing Memory Stage
[835000] [STALL] Fetcher waiting on Program Memory...
[845000] [STALL] Fetcher waiting on Program Memory...
[845000] [WB]  Thread 0: Writing rd(1) <= 0
[845000] [WB]  Thread 1: Writing rd(1) <= 1
[845000] [WB]  Thread 2: Writing rd(1) <= 2
[845000] [WB]  Thread 3: Writing rd(1) <= 3
[845000] [STALL] Fetcher waiting on Program Memory...
[855000] CONTROLLER (tb_gpu_pipelined.dut.program_memory_controller): Ch 0 READ complete for Consumer 0. Returning to IDLE.
[855000] [IF]  Fetched PC=15, Instr=3330
[855000] [STALL] Fetcher waiting on Program Memory...
[865000] CONTROLLER (tb_gpu_pipelined.dut.program_memory_controller): Ch 0 accepted READ from Consumer 0, Addr=16
[865000] [STALL] Fetcher waiting on Program Memory...
[865000] [ID]  Decoded PC=15
[865000] [STALL] Fetcher waiting on Program Memory...
[875000] [STALL] Fetcher waiting on Program Memory...
[875000] [EX]  Executing PC=15, Mask=1111
[875000] [STALL] Fetcher waiting on Program Memory...
[885000] CONTROLLER (tb_gpu_pipelined.dut.program_memory_controller): Ch 0 READ ready from mem. Relaying Data=13920 to Consumer 0
[885000] [STALL] Fetcher waiting on Program Memory...
[885000] [MEM] Bypassing/Completing Memory Stage
[885000] [STALL] Fetcher waiting on Program Memory...
[895000] [STALL] Fetcher waiting on Program Memory...
[895000] [WB]  Thread 0: Writing rd(3) <= 8
[895000] [WB]  Thread 1: Writing rd(3) <= 9
[895000] [WB]  Thread 2: Writing rd(3) <= 10
[895000] [WB]  Thread 3: Writing rd(3) <= 11
[895000] [STALL] Fetcher waiting on Program Memory...
[905000] CONTROLLER (tb_gpu_pipelined.dut.program_memory_controller): Ch 0 READ complete for Consumer 0. Returning to IDLE.
[905000] [IF]  Fetched PC=16, Instr=3660
[905000] [STALL] Fetcher waiting on Program Memory...
[915000] CONTROLLER (tb_gpu_pipelined.dut.program_memory_controller): Ch 0 accepted READ from Consumer 0, Addr=17
[915000] [STALL] Fetcher waiting on Program Memory...
[915000] [ID]  Decoded PC=16
[915000] [STALL] Fetcher waiting on Program Memory...
[925000] [STALL] Fetcher waiting on Program Memory...
[925000] [EX]  Executing PC=16, Mask=1111
[925000] [STALL] Fetcher waiting on Program Memory...
[935000] CONTROLLER (tb_gpu_pipelined.dut.program_memory_controller): Ch 0 READ ready from mem. Relaying Data=0 to Consumer 0
[935000] [STALL] Fetcher waiting on Program Memory...
[935000] [MEM] Bypassing/Completing Memory Stage
[935000] [STALL] Fetcher waiting on Program Memory...
[945000] [STALL] Fetcher waiting on Program Memory...
[945000] [WB]  Thread 0: Writing rd(6) <= 16
[945000] [WB]  Thread 1: Writing rd(6) <= 17
[945000] [WB]  Thread 2: Writing rd(6) <= 18
[945000] [WB]  Thread 3: Writing rd(6) <= 19
[945000] [STALL] Fetcher waiting on Program Memory...
[955000] CONTROLLER (tb_gpu_pipelined.dut.program_memory_controller): Ch 0 READ complete for Consumer 0. Returning to IDLE.
[955000] [IF]  Fetched PC=17, Instr=0000
[955000] [STALL] Fetcher waiting on Program Memory...
[965000] CONTROLLER (tb_gpu_pipelined.dut.program_memory_controller): Ch 0 accepted READ from Consumer 0, Addr=18
[965000] [STALL] Fetcher waiting on Program Memory...
[965000] [ID]  Decoded PC=17
[965000] [STALL] Fetcher waiting on Program Memory...
[975000] [STALL] Fetcher waiting on Program Memory...
[975000] [EX]  Executing PC=17, Mask=1111
[975000] [STALL] Fetcher waiting on Program Memory...
[985000] CONTROLLER (tb_gpu_pipelined.dut.program_memory_controller): Ch 0 READ ready from mem. Relaying Data=0 to Consumer 0
[985000] [STALL] Fetcher waiting on Program Memory...
[985000] [MEM] Bypassing/Completing Memory Stage
[985000] [STALL] Fetcher waiting on Program Memory...
[995000] [STALL] Fetcher waiting on Program Memory...
[995000] [STALL] Fetcher waiting on Program Memory...
INFO: [USF-XSim-96] XSim completed. Design snapshot 'tb_gpu_pipelined_behav' loaded.
INFO: [USF-XSim-97] XSim simulation ran for 1000ns
launch_simulation: Time (s): cpu = 00:00:12 ; elapsed = 00:00:15 . Memory (MB): peak = 814.891 ; gain = 26.398
run all
[1005000] CONTROLLER (tb_gpu_pipelined.dut.program_memory_controller): Ch 0 READ complete for Consumer 0. Returning to IDLE.
[1005000] [IF]  Fetched PC=18, Instr=0000
[1005000] [STALL] Fetcher waiting on Program Memory...
[1015000] CONTROLLER (tb_gpu_pipelined.dut.program_memory_controller): Ch 0 accepted READ from Consumer 0, Addr=19
[1015000] [STALL] Fetcher waiting on Program Memory...
[1015000] [ID]  Decoded PC=18
[1015000] [STALL] Fetcher waiting on Program Memory...
[1025000] [STALL] Fetcher waiting on Program Memory...
[1025000] [EX]  Executing PC=18, Mask=1111
[1025000] [STALL] Fetcher waiting on Program Memory...
[1035000] CONTROLLER (tb_gpu_pipelined.dut.program_memory_controller): Ch 0 READ ready from mem. Relaying Data=0 to Consumer 0
[1035000] [STALL] Fetcher waiting on Program Memory...
[1035000] [MEM] Bypassing/Completing Memory Stage
[1035000] [STALL] Fetcher waiting on Program Memory...
[1045000] [STALL] Fetcher waiting on Program Memory...
[1045000] [STALL] Fetcher waiting on Program Memory...
[1055000] CONTROLLER (tb_gpu_pipelined.dut.program_memory_controller): Ch 0 READ complete for Consumer 0. Returning to IDLE.
[1055000] [IF]  Fetched PC=19, Instr=0000
[1055000] [STALL] Fetcher waiting on Program Memory...
[1065000] CONTROLLER (tb_gpu_pipelined.dut.program_memory_controller): Ch 0 accepted READ from Consumer 0, Addr=20
[1065000] [STALL] Fetcher waiting on Program Memory...
[1065000] [ID]  Decoded PC=19
[1065000] [STALL] Fetcher waiting on Program Memory...
[1075000] [STALL] Fetcher waiting on Program Memory...
[1075000] [EX]  Executing PC=19, Mask=1111
[1075000] [STALL] Fetcher waiting on Program Memory...
[1085000] CONTROLLER (tb_gpu_pipelined.dut.program_memory_controller): Ch 0 READ ready from mem. Relaying Data=29200 to Consumer 0
[1085000] [STALL] Fetcher waiting on Program Memory...
[1085000] [MEM] Bypassing/Completing Memory Stage
[1085000] [STALL] Fetcher waiting on Program Memory...
[1095000] [STALL] Fetcher waiting on Program Memory...
[1095000] [STALL] Fetcher waiting on Program Memory...
[1105000] CONTROLLER (tb_gpu_pipelined.dut.program_memory_controller): Ch 0 READ complete for Consumer 0. Returning to IDLE.
[1105000] [IF]  Fetched PC=20, Instr=7210
[1105000] [STALL] Fetcher waiting on Program Memory...
[1115000] CONTROLLER (tb_gpu_pipelined.dut.program_memory_controller): Ch 0 accepted READ from Consumer 0, Addr=21
[1115000] [STALL] Fetcher waiting on Program Memory...
[1115000] [ID]  Decoded PC=20
[1115000] [STALL] Fetcher waiting on Program Memory...
[1125000] [STALL] Fetcher waiting on Program Memory...
[1125000] [EX]  Executing PC=20, Mask=1111
[1125000] [STALL] Fetcher waiting on Program Memory...
[1135000] CONTROLLER (tb_gpu_pipelined.dut.program_memory_controller): Ch 0 READ ready from mem. Relaying Data=29744 to Consumer 0
[1135000] [STALL] Backend (LSU) Memory Stall triggered
[1135000] [STALL] Fetcher waiting on Program Memory...
[1145000] CONTROLLER (tb_gpu_pipelined.dut.data_memory_controller): Ch 0 accepted READ from Consumer 0, Addr=3
[1145000] CONTROLLER (tb_gpu_pipelined.dut.data_memory_controller): Ch 1 accepted READ from Consumer 1, Addr=2
[1145000] CONTROLLER (tb_gpu_pipelined.dut.data_memory_controller): Ch 2 accepted READ from Consumer 2, Addr=1
[1145000] CONTROLLER (tb_gpu_pipelined.dut.data_memory_controller): Ch 3 accepted READ from Consumer 3, Addr=0
[1145000] [STALL] Backend (LSU) Memory Stall triggered
[1145000] [STALL] Fetcher waiting on Program Memory...
[1155000] CONTROLLER (tb_gpu_pipelined.dut.program_memory_controller): Ch 0 READ complete for Consumer 0. Returning to IDLE.
[1155000] [STALL] Backend (LSU) Memory Stall triggered
[1155000] [STALL] Fetcher waiting on Program Memory...
[1165000] CONTROLLER (tb_gpu_pipelined.dut.data_memory_controller): Ch 0 READ ready from mem. Relaying Data=30 to Consumer 0
[1165000] CONTROLLER (tb_gpu_pipelined.dut.data_memory_controller): Ch 1 READ ready from mem. Relaying Data=20 to Consumer 1
[1165000] CONTROLLER (tb_gpu_pipelined.dut.data_memory_controller): Ch 2 READ ready from mem. Relaying Data=10 to Consumer 2
[1165000] CONTROLLER (tb_gpu_pipelined.dut.data_memory_controller): Ch 3 READ ready from mem. Relaying Data=0 to Consumer 3
[1165000] CONTROLLER (tb_gpu_pipelined.dut.program_memory_controller): Ch 0 accepted READ from Consumer 1, Addr=0
[1165000] [STALL] Backend (LSU) Memory Stall triggered
[1165000] [STALL] Fetcher waiting on Program Memory...
[1175000] [IF]  Fetched PC=21, Instr=7430
[1175000] [MEM] Bypassing/Completing Memory Stage
[1175000] [STALL] Fetcher waiting on Program Memory...
[1185000] CONTROLLER (tb_gpu_pipelined.dut.data_memory_controller): Ch 0 READ complete for Consumer 0. Returning to IDLE.
[1185000] CONTROLLER (tb_gpu_pipelined.dut.data_memory_controller): Ch 1 READ complete for Consumer 1. Returning to IDLE.
[1185000] CONTROLLER (tb_gpu_pipelined.dut.data_memory_controller): Ch 2 READ complete for Consumer 2. Returning to IDLE.
[1185000] CONTROLLER (tb_gpu_pipelined.dut.data_memory_controller): Ch 3 READ complete for Consumer 3. Returning to IDLE.
[1185000] CONTROLLER (tb_gpu_pipelined.dut.program_memory_controller): Ch 0 READ ready from mem. Relaying Data=20702 to Consumer 1
[1185000] [STALL] Fetcher waiting on Program Memory...
[1185000] [ID]  Decoded PC=21
[1185000] [WB]  Thread 0: Writing rd(2) <= 0
[1185000] [WB]  Thread 1: Writing rd(2) <= 10
[1185000] [WB]  Thread 2: Writing rd(2) <= 20
[1185000] [WB]  Thread 3: Writing rd(2) <= 30
[1185000] [STALL] Fetcher waiting on Program Memory...
[1195000] [STALL] Fetcher waiting on Program Memory...
[1195000] [EX]  Executing PC=21, Mask=1111
[1195000] [STALL] Fetcher waiting on Program Memory...
[1205000] CONTROLLER (tb_gpu_pipelined.dut.program_memory_controller): Ch 0 READ complete for Consumer 1. Returning to IDLE.
[1205000] [STALL] Backend (LSU) Memory Stall triggered
[1205000] [IF]  Fetched PC=0, Instr=50de
[1215000] CONTROLLER (tb_gpu_pipelined.dut.data_memory_controller): Ch 0 accepted READ from Consumer 0, Addr=11
[1215000] CONTROLLER (tb_gpu_pipelined.dut.data_memory_controller): Ch 1 accepted READ from Consumer 1, Addr=10
[1215000] CONTROLLER (tb_gpu_pipelined.dut.data_memory_controller): Ch 2 accepted READ from Consumer 2, Addr=9
[1215000] CONTROLLER (tb_gpu_pipelined.dut.data_memory_controller): Ch 3 accepted READ from Consumer 3, Addr=8
[1215000] CONTROLLER (tb_gpu_pipelined.dut.program_memory_controller): Ch 0 accepted READ from Consumer 0, Addr=22
[1215000] [STALL] Backend (LSU) Memory Stall triggered
[1215000] [STALL] Fetcher waiting on Program Memory...
[1215000] [ID]  Decoded PC=0
[1225000] [STALL] Backend (LSU) Memory Stall triggered
[1225000] [STALL] Fetcher waiting on Program Memory...
[1225000] [EX]  Executing PC=0, Mask=1111
[1235000] CONTROLLER (tb_gpu_pipelined.dut.data_memory_controller): Ch 0 READ ready from mem. Relaying Data=6 to Consumer 0
[1235000] CONTROLLER (tb_gpu_pipelined.dut.data_memory_controller): Ch 1 READ ready from mem. Relaying Data=4 to Consumer 1
[1235000] CONTROLLER (tb_gpu_pipelined.dut.data_memory_controller): Ch 2 READ ready from mem. Relaying Data=2 to Consumer 2
[1235000] CONTROLLER (tb_gpu_pipelined.dut.data_memory_controller): Ch 3 READ ready from mem. Relaying Data=0 to Consumer 3
[1235000] CONTROLLER (tb_gpu_pipelined.dut.program_memory_controller): Ch 0 READ ready from mem. Relaying Data=0 to Consumer 0
[1235000] [STALL] Backend (LSU) Memory Stall triggered
[1235000] [STALL] Fetcher waiting on Program Memory...
[1235000] [MEM] Bypassing/Completing Memory Stage
[1245000] [STALL] Fetcher waiting on Program Memory...
[1245000] [MEM] Bypassing/Completing Memory Stage
[1245000] [STALL] Fetcher waiting on Program Memory...
[1245000] [WB]  Thread 0: Writing rd(0) <= 4
[1245000] [WB]  Thread 1: Writing rd(0) <= 4
[1245000] [WB]  Thread 2: Writing rd(0) <= 4
[1245000] [WB]  Thread 3: Writing rd(0) <= 4
[1255000] CONTROLLER (tb_gpu_pipelined.dut.data_memory_controller): Ch 0 READ complete for Consumer 0. Returning to IDLE.
[1255000] CONTROLLER (tb_gpu_pipelined.dut.data_memory_controller): Ch 1 READ complete for Consumer 1. Returning to IDLE.
[1255000] CONTROLLER (tb_gpu_pipelined.dut.data_memory_controller): Ch 2 READ complete for Consumer 2. Returning to IDLE.
[1255000] CONTROLLER (tb_gpu_pipelined.dut.data_memory_controller): Ch 3 READ complete for Consumer 3. Returning to IDLE.
[1255000] CONTROLLER (tb_gpu_pipelined.dut.program_memory_controller): Ch 0 READ complete for Consumer 0. Returning to IDLE.
[1255000] [IF]  Fetched PC=22, Instr=0000
[1255000] [WB]  Thread 0: Writing rd(4) <= 0
[1255000] [WB]  Thread 1: Writing rd(4) <= 2
[1255000] [WB]  Thread 2: Writing rd(4) <= 4
[1255000] [WB]  Thread 3: Writing rd(4) <= 6
[1255000] [STALL] Fetcher waiting on Program Memory...
[1265000] CONTROLLER (tb_gpu_pipelined.dut.program_memory_controller): Ch 0 accepted READ from Consumer 0, Addr=23
[1265000] [STALL] Fetcher waiting on Program Memory...
[1265000] [ID]  Decoded PC=22
[1265000] [STALL] Fetcher waiting on Program Memory...
[1275000] [STALL] Fetcher waiting on Program Memory...
[1275000] [EX]  Executing PC=22, Mask=1111
[1275000] [STALL] Fetcher waiting on Program Memory...
[1285000] CONTROLLER (tb_gpu_pipelined.dut.program_memory_controller): Ch 0 READ ready from mem. Relaying Data=0 to Consumer 0
[1285000] [STALL] Fetcher waiting on Program Memory...
[1285000] [MEM] Bypassing/Completing Memory Stage
[1285000] [STALL] Fetcher waiting on Program Memory...
[1295000] [STALL] Fetcher waiting on Program Memory...
[1295000] [STALL] Fetcher waiting on Program Memory...
[1305000] CONTROLLER (tb_gpu_pipelined.dut.program_memory_controller): Ch 0 READ complete for Consumer 0. Returning to IDLE.
[1305000] [IF]  Fetched PC=23, Instr=0000
[1305000] [STALL] Fetcher waiting on Program Memory...
[1315000] CONTROLLER (tb_gpu_pipelined.dut.program_memory_controller): Ch 0 accepted READ from Consumer 0, Addr=24
[1315000] [STALL] Fetcher waiting on Program Memory...
[1315000] [ID]  Decoded PC=23
[1315000] [STALL] Fetcher waiting on Program Memory...
[1325000] [STALL] Fetcher waiting on Program Memory...
[1325000] [EX]  Executing PC=23, Mask=1111
[1325000] [STALL] Fetcher waiting on Program Memory...
[1335000] CONTROLLER (tb_gpu_pipelined.dut.program_memory_controller): Ch 0 READ ready from mem. Relaying Data=0 to Consumer 0
[1335000] [STALL] Fetcher waiting on Program Memory...
[1335000] [MEM] Bypassing/Completing Memory Stage
[1335000] [STALL] Fetcher waiting on Program Memory...
[1345000] [STALL] Fetcher waiting on Program Memory...
[1345000] [STALL] Fetcher waiting on Program Memory...
[1355000] CONTROLLER (tb_gpu_pipelined.dut.program_memory_controller): Ch 0 READ complete for Consumer 0. Returning to IDLE.
[1355000] [IF]  Fetched PC=24, Instr=0000
[1355000] [STALL] Fetcher waiting on Program Memory...
[1365000] CONTROLLER (tb_gpu_pipelined.dut.program_memory_controller): Ch 0 accepted READ from Consumer 0, Addr=25
[1365000] [STALL] Fetcher waiting on Program Memory...
[1365000] [ID]  Decoded PC=24
[1365000] [STALL] Fetcher waiting on Program Memory...
[1375000] [STALL] Fetcher waiting on Program Memory...
[1375000] [EX]  Executing PC=24, Mask=1111
[1375000] [STALL] Fetcher waiting on Program Memory...
[1385000] CONTROLLER (tb_gpu_pipelined.dut.program_memory_controller): Ch 0 READ ready from mem. Relaying Data=13604 to Consumer 0
[1385000] [STALL] Fetcher waiting on Program Memory...
[1385000] [MEM] Bypassing/Completing Memory Stage
[1385000] [STALL] Fetcher waiting on Program Memory...
[1395000] [STALL] Fetcher waiting on Program Memory...
[1395000] [STALL] Fetcher waiting on Program Memory...
[1405000] CONTROLLER (tb_gpu_pipelined.dut.program_memory_controller): Ch 0 READ complete for Consumer 0. Returning to IDLE.
[1405000] [IF]  Fetched PC=25, Instr=3524
[1405000] [STALL] Fetcher waiting on Program Memory...
[1415000] CONTROLLER (tb_gpu_pipelined.dut.program_memory_controller): Ch 0 accepted READ from Consumer 0, Addr=26
[1415000] [STALL] Fetcher waiting on Program Memory...
[1415000] [ID]  Decoded PC=25
[1415000] [STALL] Fetcher waiting on Program Memory...
[1425000] [STALL] Fetcher waiting on Program Memory...
[1425000] [EX]  Executing PC=25, Mask=1111
[1425000] [STALL] Fetcher waiting on Program Memory...
[1435000] CONTROLLER (tb_gpu_pipelined.dut.program_memory_controller): Ch 0 READ ready from mem. Relaying Data=0 to Consumer 0
[1435000] [STALL] Fetcher waiting on Program Memory...
[1435000] [MEM] Bypassing/Completing Memory Stage
[1435000] [STALL] Fetcher waiting on Program Memory...
[1445000] [STALL] Fetcher waiting on Program Memory...
[1445000] [WB]  Thread 0: Writing rd(5) <= 0
[1445000] [WB]  Thread 1: Writing rd(5) <= 12
[1445000] [WB]  Thread 2: Writing rd(5) <= 24
[1445000] [WB]  Thread 3: Writing rd(5) <= 36
[1445000] [STALL] Fetcher waiting on Program Memory...
[1455000] CONTROLLER (tb_gpu_pipelined.dut.program_memory_controller): Ch 0 READ complete for Consumer 0. Returning to IDLE.
[1455000] [IF]  Fetched PC=26, Instr=0000
[1455000] [STALL] Fetcher waiting on Program Memory...
[1465000] CONTROLLER (tb_gpu_pipelined.dut.program_memory_controller): Ch 0 accepted READ from Consumer 0, Addr=27
[1465000] [STALL] Fetcher waiting on Program Memory...
[1465000] [ID]  Decoded PC=26
[1465000] [STALL] Fetcher waiting on Program Memory...
[1475000] [STALL] Fetcher waiting on Program Memory...
[1475000] [EX]  Executing PC=26, Mask=1111
[1475000] [STALL] Fetcher waiting on Program Memory...
[1485000] CONTROLLER (tb_gpu_pipelined.dut.program_memory_controller): Ch 0 READ ready from mem. Relaying Data=0 to Consumer 0
[1485000] [STALL] Fetcher waiting on Program Memory...
[1485000] [MEM] Bypassing/Completing Memory Stage
[1485000] [STALL] Fetcher waiting on Program Memory...
[1495000] [STALL] Fetcher waiting on Program Memory...
[1495000] [STALL] Fetcher waiting on Program Memory...
[1505000] CONTROLLER (tb_gpu_pipelined.dut.program_memory_controller): Ch 0 READ complete for Consumer 0. Returning to IDLE.
[1505000] [IF]  Fetched PC=27, Instr=0000
[1505000] [STALL] Fetcher waiting on Program Memory...
[1515000] CONTROLLER (tb_gpu_pipelined.dut.program_memory_controller): Ch 0 accepted READ from Consumer 0, Addr=28
[1515000] [STALL] Fetcher waiting on Program Memory...
[1515000] [ID]  Decoded PC=27
[1515000] [STALL] Fetcher waiting on Program Memory...
[1525000] [STALL] Fetcher waiting on Program Memory...
[1525000] [EX]  Executing PC=27, Mask=1111
[1525000] [STALL] Fetcher waiting on Program Memory...
[1535000] CONTROLLER (tb_gpu_pipelined.dut.program_memory_controller): Ch 0 READ ready from mem. Relaying Data=0 to Consumer 0
[1535000] [STALL] Fetcher waiting on Program Memory...
[1535000] [MEM] Bypassing/Completing Memory Stage
[1535000] [STALL] Fetcher waiting on Program Memory...
[1545000] [STALL] Fetcher waiting on Program Memory...
[1545000] [STALL] Fetcher waiting on Program Memory...
[1555000] CONTROLLER (tb_gpu_pipelined.dut.program_memory_controller): Ch 0 READ complete for Consumer 0. Returning to IDLE.
[1555000] [IF]  Fetched PC=28, Instr=0000
[1555000] [STALL] Fetcher waiting on Program Memory...
[1565000] CONTROLLER (tb_gpu_pipelined.dut.program_memory_controller): Ch 0 accepted READ from Consumer 0, Addr=29
[1565000] [STALL] Fetcher waiting on Program Memory...
[1565000] [ID]  Decoded PC=28
[1565000] [STALL] Fetcher waiting on Program Memory...
[1575000] [STALL] Fetcher waiting on Program Memory...
[1575000] [EX]  Executing PC=28, Mask=1111
[1575000] [STALL] Fetcher waiting on Program Memory...
[1585000] CONTROLLER (tb_gpu_pipelined.dut.program_memory_controller): Ch 0 READ ready from mem. Relaying Data=32869 to Consumer 0
[1585000] [STALL] Fetcher waiting on Program Memory...
[1585000] [MEM] Bypassing/Completing Memory Stage
[1585000] [STALL] Fetcher waiting on Program Memory...
[1595000] [STALL] Fetcher waiting on Program Memory...
[1595000] [STALL] Fetcher waiting on Program Memory...
[1605000] CONTROLLER (tb_gpu_pipelined.dut.program_memory_controller): Ch 0 READ complete for Consumer 0. Returning to IDLE.
[1605000] [IF]  Fetched PC=29, Instr=8065
[1605000] [STALL] Fetcher waiting on Program Memory...
[1615000] CONTROLLER (tb_gpu_pipelined.dut.program_memory_controller): Ch 0 accepted READ from Consumer 0, Addr=30
[1615000] [STALL] Fetcher waiting on Program Memory...
[1615000] [ID]  Decoded PC=29
[1615000] [STALL] Fetcher waiting on Program Memory...
[1625000] [STALL] Fetcher waiting on Program Memory...
[1625000] [EX]  Executing PC=29, Mask=1111
[1625000] [STALL] Fetcher waiting on Program Memory...
[1635000] CONTROLLER (tb_gpu_pipelined.dut.program_memory_controller): Ch 0 READ ready from mem. Relaying Data=0 to Consumer 0
[1635000] [STALL] Backend (LSU) Memory Stall triggered
[1635000] [STALL] Fetcher waiting on Program Memory...
[1645000] CONTROLLER (tb_gpu_pipelined.dut.data_memory_controller): Ch 0 accepted WRITE from Consumer 0, Addr=19, Data=36
[1645000] CONTROLLER (tb_gpu_pipelined.dut.data_memory_controller): Ch 1 accepted WRITE from Consumer 1, Addr=18, Data=24
[1645000] CONTROLLER (tb_gpu_pipelined.dut.data_memory_controller): Ch 2 accepted WRITE from Consumer 2, Addr=17, Data=12
[1645000] CONTROLLER (tb_gpu_pipelined.dut.data_memory_controller): Ch 3 accepted WRITE from Consumer 3, Addr=16, Data=0
[1645000] [STALL] Backend (LSU) Memory Stall triggered
[1645000] [STALL] Fetcher waiting on Program Memory...
[1655000] CONTROLLER (tb_gpu_pipelined.dut.program_memory_controller): Ch 0 READ complete for Consumer 0. Returning to IDLE.
[1655000] [STALL] Backend (LSU) Memory Stall triggered
[1655000] [STALL] Fetcher waiting on Program Memory...
[1665000] CONTROLLER (tb_gpu_pipelined.dut.data_memory_controller): Ch 0 WRITE acknowledged by mem. Notifying Consumer 0
[1665000] CONTROLLER (tb_gpu_pipelined.dut.data_memory_controller): Ch 1 WRITE acknowledged by mem. Notifying Consumer 1
[1665000] CONTROLLER (tb_gpu_pipelined.dut.data_memory_controller): Ch 2 WRITE acknowledged by mem. Notifying Consumer 2
[1665000] CONTROLLER (tb_gpu_pipelined.dut.data_memory_controller): Ch 3 WRITE acknowledged by mem. Notifying Consumer 3
[1665000] CONTROLLER (tb_gpu_pipelined.dut.program_memory_controller): Ch 0 accepted READ from Consumer 1, Addr=1
[1665000] [STALL] Backend (LSU) Memory Stall triggered
[1665000] [STALL] Fetcher waiting on Program Memory...
[1675000] [IF]  Fetched PC=30, Instr=0000
[1675000] [MEM] Bypassing/Completing Memory Stage
[1675000] [STALL] Fetcher waiting on Program Memory...
[1685000] CONTROLLER (tb_gpu_pipelined.dut.data_memory_controller): Ch 0 WRITE complete for Consumer 0. Returning to IDLE.
[1685000] CONTROLLER (tb_gpu_pipelined.dut.data_memory_controller): Ch 1 WRITE complete for Consumer 1. Returning to IDLE.
[1685000] CONTROLLER (tb_gpu_pipelined.dut.data_memory_controller): Ch 2 WRITE complete for Consumer 2. Returning to IDLE.
[1685000] CONTROLLER (tb_gpu_pipelined.dut.data_memory_controller): Ch 3 WRITE complete for Consumer 3. Returning to IDLE.
[1685000] CONTROLLER (tb_gpu_pipelined.dut.program_memory_controller): Ch 0 READ ready from mem. Relaying Data=0 to Consumer 1
[1685000] [STALL] Fetcher waiting on Program Memory...
[1685000] [ID]  Decoded PC=30
[1685000] [STALL] Fetcher waiting on Program Memory...
[1695000] [STALL] Fetcher waiting on Program Memory...
[1695000] [EX]  Executing PC=30, Mask=1111
[1695000] [STALL] Fetcher waiting on Program Memory...
[1705000] CONTROLLER (tb_gpu_pipelined.dut.program_memory_controller): Ch 0 READ complete for Consumer 1. Returning to IDLE.
[1705000] [STALL] Fetcher waiting on Program Memory...
[1705000] [MEM] Bypassing/Completing Memory Stage
[1705000] [IF]  Fetched PC=1, Instr=0000
[1715000] CONTROLLER (tb_gpu_pipelined.dut.program_memory_controller): Ch 0 accepted READ from Consumer 0, Addr=31
[1715000] [STALL] Fetcher waiting on Program Memory...
[1715000] [STALL] Fetcher waiting on Program Memory...
[1715000] [ID]  Decoded PC=1
[1725000] [STALL] Fetcher waiting on Program Memory...
[1725000] [STALL] Fetcher waiting on Program Memory...
[1725000] [EX]  Executing PC=1, Mask=1111
[1735000] CONTROLLER (tb_gpu_pipelined.dut.program_memory_controller): Ch 0 READ ready from mem. Relaying Data=0 to Consumer 0
[1735000] [STALL] Fetcher waiting on Program Memory...
[1735000] [STALL] Fetcher waiting on Program Memory...
[1735000] [MEM] Bypassing/Completing Memory Stage
[1745000] [STALL] Fetcher waiting on Program Memory...
[1745000] [STALL] Fetcher waiting on Program Memory...
[1755000] CONTROLLER (tb_gpu_pipelined.dut.program_memory_controller): Ch 0 READ complete for Consumer 0. Returning to IDLE.
[1755000] [IF]  Fetched PC=31, Instr=0000
[1755000] [STALL] Fetcher waiting on Program Memory...
[1765000] CONTROLLER (tb_gpu_pipelined.dut.program_memory_controller): Ch 0 accepted READ from Consumer 0, Addr=32
[1765000] [STALL] Fetcher waiting on Program Memory...
[1765000] [ID]  Decoded PC=31
[1765000] [STALL] Fetcher waiting on Program Memory...
[1775000] [STALL] Fetcher waiting on Program Memory...
[1775000] [EX]  Executing PC=31, Mask=1111
[1775000] [STALL] Fetcher waiting on Program Memory...
[1785000] CONTROLLER (tb_gpu_pipelined.dut.program_memory_controller): Ch 0 READ ready from mem. Relaying Data=0 to Consumer 0
[1785000] [STALL] Fetcher waiting on Program Memory...
[1785000] [MEM] Bypassing/Completing Memory Stage
[1785000] [STALL] Fetcher waiting on Program Memory...
[1795000] [STALL] Fetcher waiting on Program Memory...
[1795000] [STALL] Fetcher waiting on Program Memory...
[1805000] CONTROLLER (tb_gpu_pipelined.dut.program_memory_controller): Ch 0 READ complete for Consumer 0. Returning to IDLE.
[1805000] [IF]  Fetched PC=32, Instr=0000
[1805000] [STALL] Fetcher waiting on Program Memory...
[1815000] CONTROLLER (tb_gpu_pipelined.dut.program_memory_controller): Ch 0 accepted READ from Consumer 0, Addr=33
[1815000] [STALL] Fetcher waiting on Program Memory...
[1815000] [ID]  Decoded PC=32
[1815000] [STALL] Fetcher waiting on Program Memory...
[1825000] [STALL] Fetcher waiting on Program Memory...
[1825000] [EX]  Executing PC=32, Mask=1111
[1825000] [STALL] Fetcher waiting on Program Memory...
[1835000] CONTROLLER (tb_gpu_pipelined.dut.program_memory_controller): Ch 0 READ ready from mem. Relaying Data=61440 to Consumer 0
[1835000] [STALL] Fetcher waiting on Program Memory...
[1835000] [MEM] Bypassing/Completing Memory Stage
[1835000] [STALL] Fetcher waiting on Program Memory...
[1845000] [STALL] Fetcher waiting on Program Memory...
[1845000] [STALL] Fetcher waiting on Program Memory...
[1855000] CONTROLLER (tb_gpu_pipelined.dut.program_memory_controller): Ch 0 READ complete for Consumer 0. Returning to IDLE.
[1855000] [IF]  Fetched PC=33, Instr=f000
[1855000] [STALL] Fetcher waiting on Program Memory...
[1865000] CONTROLLER (tb_gpu_pipelined.dut.program_memory_controller): Ch 0 accepted READ from Consumer 0, Addr=34
[1865000] [STALL] Fetcher waiting on Program Memory...
[1865000] [ID]  Decoded PC=33
[1865000] [STALL] Fetcher waiting on Program Memory...
[1875000] [STALL] Fetcher waiting on Program Memory...
[1875000] [EX]  Executing PC=33, Mask=1111
[1875000] [SCHEDULER] Block Finished! Releasing bus.
[1875000] [STALL] Fetcher waiting on Program Memory...
[1885000] CONTROLLER (tb_gpu_pipelined.dut.program_memory_controller): Ch 0 READ ready from mem. Relaying Data=0 to Consumer 0
[1885000] [MEM] Bypassing/Completing Memory Stage
[1885000] [STALL] Fetcher waiting on Program Memory...
[1895000] [STALL] Fetcher waiting on Program Memory...
[1905000] CONTROLLER (tb_gpu_pipelined.dut.program_memory_controller): Ch 0 READ complete for Consumer 0. Returning to IDLE.
[1905000] [STALL] Fetcher waiting on Program Memory...
[1915000] CONTROLLER (tb_gpu_pipelined.dut.program_memory_controller): Ch 0 accepted READ from Consumer 1, Addr=2
[1915000] [STALL] Fetcher waiting on Program Memory...
[1925000] [STALL] Fetcher waiting on Program Memory...
[1935000] CONTROLLER (tb_gpu_pipelined.dut.program_memory_controller): Ch 0 READ ready from mem. Relaying Data=0 to Consumer 1
[1935000] [STALL] Fetcher waiting on Program Memory...
[1945000] [STALL] Fetcher waiting on Program Memory...
[1955000] CONTROLLER (tb_gpu_pipelined.dut.program_memory_controller): Ch 0 READ complete for Consumer 1. Returning to IDLE.
[1955000] [IF]  Fetched PC=2, Instr=0000
[1965000] CONTROLLER (tb_gpu_pipelined.dut.program_memory_controller): Ch 0 accepted READ from Consumer 1, Addr=3
[1965000] [STALL] Fetcher waiting on Program Memory...
[1965000] [ID]  Decoded PC=2
[1975000] [STALL] Fetcher waiting on Program Memory...
[1975000] [EX]  Executing PC=2, Mask=1111
[1985000] CONTROLLER (tb_gpu_pipelined.dut.program_memory_controller): Ch 0 READ ready from mem. Relaying Data=0 to Consumer 1
[1985000] [STALL] Fetcher waiting on Program Memory...
[1985000] [MEM] Bypassing/Completing Memory Stage
[1995000] [STALL] Fetcher waiting on Program Memory...
[2005000] CONTROLLER (tb_gpu_pipelined.dut.program_memory_controller): Ch 0 READ complete for Consumer 1. Returning to IDLE.
[2005000] [IF]  Fetched PC=3, Instr=0000
[2015000] CONTROLLER (tb_gpu_pipelined.dut.program_memory_controller): Ch 0 accepted READ from Consumer 1, Addr=4
[2015000] [STALL] Fetcher waiting on Program Memory...
[2015000] [ID]  Decoded PC=3
[2025000] [STALL] Fetcher waiting on Program Memory...
[2025000] [EX]  Executing PC=3, Mask=1111
[2035000] CONTROLLER (tb_gpu_pipelined.dut.program_memory_controller): Ch 0 READ ready from mem. Relaying Data=12303 to Consumer 1
[2035000] [STALL] Fetcher waiting on Program Memory...
[2035000] [MEM] Bypassing/Completing Memory Stage
[2045000] [STALL] Fetcher waiting on Program Memory...
[2055000] CONTROLLER (tb_gpu_pipelined.dut.program_memory_controller): Ch 0 READ complete for Consumer 1. Returning to IDLE.
[2055000] [IF]  Fetched PC=4, Instr=300f
[2065000] CONTROLLER (tb_gpu_pipelined.dut.program_memory_controller): Ch 0 accepted READ from Consumer 1, Addr=5
[2065000] [STALL] Fetcher waiting on Program Memory...
[2065000] [ID]  Decoded PC=4
[2075000] [STALL] Fetcher waiting on Program Memory...
[2075000] [EX]  Executing PC=4, Mask=1111
[2085000] CONTROLLER (tb_gpu_pipelined.dut.program_memory_controller): Ch 0 READ ready from mem. Relaying Data=0 to Consumer 1
[2085000] [STALL] Fetcher waiting on Program Memory...
[2085000] [MEM] Bypassing/Completing Memory Stage
[2095000] [STALL] Fetcher waiting on Program Memory...
[2095000] [WB]  Thread 0: Writing rd(0) <= 4
[2095000] [WB]  Thread 1: Writing rd(0) <= 5
[2095000] [WB]  Thread 2: Writing rd(0) <= 6
[2095000] [WB]  Thread 3: Writing rd(0) <= 7
[2105000] CONTROLLER (tb_gpu_pipelined.dut.program_memory_controller): Ch 0 READ complete for Consumer 1. Returning to IDLE.
[2105000] [IF]  Fetched PC=5, Instr=0000
[2115000] CONTROLLER (tb_gpu_pipelined.dut.program_memory_controller): Ch 0 accepted READ from Consumer 1, Addr=6
[2115000] [STALL] Fetcher waiting on Program Memory...
[2115000] [ID]  Decoded PC=5
[2125000] [STALL] Fetcher waiting on Program Memory...
[2125000] [EX]  Executing PC=5, Mask=1111
[2135000] CONTROLLER (tb_gpu_pipelined.dut.program_memory_controller): Ch 0 READ ready from mem. Relaying Data=0 to Consumer 1
[2135000] [STALL] Fetcher waiting on Program Memory...
[2135000] [MEM] Bypassing/Completing Memory Stage
[2145000] [STALL] Fetcher waiting on Program Memory...
[2155000] CONTROLLER (tb_gpu_pipelined.dut.program_memory_controller): Ch 0 READ complete for Consumer 1. Returning to IDLE.
[2155000] [IF]  Fetched PC=6, Instr=0000
[2165000] CONTROLLER (tb_gpu_pipelined.dut.program_memory_controller): Ch 0 accepted READ from Consumer 1, Addr=7
[2165000] [STALL] Fetcher waiting on Program Memory...
[2165000] [ID]  Decoded PC=6
[2175000] [STALL] Fetcher waiting on Program Memory...
[2175000] [EX]  Executing PC=6, Mask=1111
[2185000] CONTROLLER (tb_gpu_pipelined.dut.program_memory_controller): Ch 0 READ ready from mem. Relaying Data=0 to Consumer 1
[2185000] [STALL] Fetcher waiting on Program Memory...
[2185000] [MEM] Bypassing/Completing Memory Stage
[2195000] [STALL] Fetcher waiting on Program Memory...
[2205000] CONTROLLER (tb_gpu_pipelined.dut.program_memory_controller): Ch 0 READ complete for Consumer 1. Returning to IDLE.
[2205000] [IF]  Fetched PC=7, Instr=0000
[2215000] CONTROLLER (tb_gpu_pipelined.dut.program_memory_controller): Ch 0 accepted READ from Consumer 1, Addr=8
[2215000] [STALL] Fetcher waiting on Program Memory...
[2215000] [ID]  Decoded PC=7
[2225000] [STALL] Fetcher waiting on Program Memory...
[2225000] [EX]  Executing PC=7, Mask=1111
[2235000] CONTROLLER (tb_gpu_pipelined.dut.program_memory_controller): Ch 0 READ ready from mem. Relaying Data=37120 to Consumer 1
[2235000] [STALL] Fetcher waiting on Program Memory...
[2235000] [MEM] Bypassing/Completing Memory Stage
[2245000] [STALL] Fetcher waiting on Program Memory...
[2255000] CONTROLLER (tb_gpu_pipelined.dut.program_memory_controller): Ch 0 READ complete for Consumer 1. Returning to IDLE.
[2255000] [IF]  Fetched PC=8, Instr=9100
[2265000] CONTROLLER (tb_gpu_pipelined.dut.program_memory_controller): Ch 0 accepted READ from Consumer 1, Addr=9
[2265000] [STALL] Fetcher waiting on Program Memory...
[2265000] [ID]  Decoded PC=8
[2275000] [STALL] Fetcher waiting on Program Memory...
[2275000] [EX]  Executing PC=8, Mask=1111
[2285000] CONTROLLER (tb_gpu_pipelined.dut.program_memory_controller): Ch 0 READ ready from mem. Relaying Data=37640 to Consumer 1
[2285000] [STALL] Fetcher waiting on Program Memory...
[2285000] [MEM] Bypassing/Completing Memory Stage
[2295000] [STALL] Fetcher waiting on Program Memory...
[2295000] [WB]  Thread 0: Writing rd(1) <= 0
[2295000] [WB]  Thread 1: Writing rd(1) <= 0
[2295000] [WB]  Thread 2: Writing rd(1) <= 0
[2295000] [WB]  Thread 3: Writing rd(1) <= 0
[2305000] CONTROLLER (tb_gpu_pipelined.dut.program_memory_controller): Ch 0 READ complete for Consumer 1. Returning to IDLE.
[2305000] [IF]  Fetched PC=9, Instr=9308
[2315000] CONTROLLER (tb_gpu_pipelined.dut.program_memory_controller): Ch 0 accepted READ from Consumer 1, Addr=10
[2315000] [STALL] Fetcher waiting on Program Memory...
[2315000] [ID]  Decoded PC=9
[2325000] [STALL] Fetcher waiting on Program Memory...
[2325000] [EX]  Executing PC=9, Mask=1111
[2335000] CONTROLLER (tb_gpu_pipelined.dut.program_memory_controller): Ch 0 READ ready from mem. Relaying Data=38416 to Consumer 1
[2335000] [STALL] Fetcher waiting on Program Memory...
[2335000] [MEM] Bypassing/Completing Memory Stage
[2345000] [STALL] Fetcher waiting on Program Memory...
[2345000] [WB]  Thread 0: Writing rd(3) <= 8
[2345000] [WB]  Thread 1: Writing rd(3) <= 8
[2345000] [WB]  Thread 2: Writing rd(3) <= 8
[2345000] [WB]  Thread 3: Writing rd(3) <= 8
[2355000] CONTROLLER (tb_gpu_pipelined.dut.program_memory_controller): Ch 0 READ complete for Consumer 1. Returning to IDLE.
[2355000] [IF]  Fetched PC=10, Instr=9610
[2365000] CONTROLLER (tb_gpu_pipelined.dut.program_memory_controller): Ch 0 accepted READ from Consumer 1, Addr=11
[2365000] [STALL] Fetcher waiting on Program Memory...
[2365000] [ID]  Decoded PC=10
[2375000] [STALL] Fetcher waiting on Program Memory...
[2375000] [EX]  Executing PC=10, Mask=1111
[2385000] CONTROLLER (tb_gpu_pipelined.dut.program_memory_controller): Ch 0 READ ready from mem. Relaying Data=0 to Consumer 1
[2385000] [STALL] Fetcher waiting on Program Memory...
[2385000] [MEM] Bypassing/Completing Memory Stage
[2395000] [STALL] Fetcher waiting on Program Memory...
[2395000] [WB]  Thread 0: Writing rd(6) <= 16
[2395000] [WB]  Thread 1: Writing rd(6) <= 16
[2395000] [WB]  Thread 2: Writing rd(6) <= 16
[2395000] [WB]  Thread 3: Writing rd(6) <= 16
[2405000] CONTROLLER (tb_gpu_pipelined.dut.program_memory_controller): Ch 0 READ complete for Consumer 1. Returning to IDLE.
[2405000] [IF]  Fetched PC=11, Instr=0000
[2415000] CONTROLLER (tb_gpu_pipelined.dut.program_memory_controller): Ch 0 accepted READ from Consumer 1, Addr=12
[2415000] [STALL] Fetcher waiting on Program Memory...
[2415000] [ID]  Decoded PC=11
[2425000] [STALL] Fetcher waiting on Program Memory...
[2425000] [EX]  Executing PC=11, Mask=1111
[2435000] CONTROLLER (tb_gpu_pipelined.dut.program_memory_controller): Ch 0 READ ready from mem. Relaying Data=0 to Consumer 1
[2435000] [STALL] Fetcher waiting on Program Memory...
[2435000] [MEM] Bypassing/Completing Memory Stage
[2445000] [STALL] Fetcher waiting on Program Memory...
[2455000] CONTROLLER (tb_gpu_pipelined.dut.program_memory_controller): Ch 0 READ complete for Consumer 1. Returning to IDLE.
[2455000] [IF]  Fetched PC=12, Instr=0000
[2465000] CONTROLLER (tb_gpu_pipelined.dut.program_memory_controller): Ch 0 accepted READ from Consumer 1, Addr=13
[2465000] [STALL] Fetcher waiting on Program Memory...
[2465000] [ID]  Decoded PC=12
[2475000] [STALL] Fetcher waiting on Program Memory...
[2475000] [EX]  Executing PC=12, Mask=1111
[2485000] CONTROLLER (tb_gpu_pipelined.dut.program_memory_controller): Ch 0 READ ready from mem. Relaying Data=0 to Consumer 1
[2485000] [STALL] Fetcher waiting on Program Memory...
[2485000] [MEM] Bypassing/Completing Memory Stage
[2495000] [STALL] Fetcher waiting on Program Memory...
[2505000] CONTROLLER (tb_gpu_pipelined.dut.program_memory_controller): Ch 0 READ complete for Consumer 1. Returning to IDLE.
[2505000] [IF]  Fetched PC=13, Instr=0000
[2515000] CONTROLLER (tb_gpu_pipelined.dut.program_memory_controller): Ch 0 accepted READ from Consumer 1, Addr=14
[2515000] [STALL] Fetcher waiting on Program Memory...
[2515000] [ID]  Decoded PC=13
[2525000] [STALL] Fetcher waiting on Program Memory...
[2525000] [EX]  Executing PC=13, Mask=1111
[2535000] CONTROLLER (tb_gpu_pipelined.dut.program_memory_controller): Ch 0 READ ready from mem. Relaying Data=12560 to Consumer 1
[2535000] [STALL] Fetcher waiting on Program Memory...
[2535000] [MEM] Bypassing/Completing Memory Stage
[2545000] [STALL] Fetcher waiting on Program Memory...
[2555000] CONTROLLER (tb_gpu_pipelined.dut.program_memory_controller): Ch 0 READ complete for Consumer 1. Returning to IDLE.
[2555000] [IF]  Fetched PC=14, Instr=3110
[2565000] CONTROLLER (tb_gpu_pipelined.dut.program_memory_controller): Ch 0 accepted READ from Consumer 1, Addr=15
[2565000] [STALL] Fetcher waiting on Program Memory...
[2565000] [ID]  Decoded PC=14
[2575000] [STALL] Fetcher waiting on Program Memory...
[2575000] [EX]  Executing PC=14, Mask=1111
[2585000] CONTROLLER (tb_gpu_pipelined.dut.program_memory_controller): Ch 0 READ ready from mem. Relaying Data=13104 to Consumer 1
[2585000] [STALL] Fetcher waiting on Program Memory...
[2585000] [MEM] Bypassing/Completing Memory Stage
[2595000] [STALL] Fetcher waiting on Program Memory...
[2595000] [WB]  Thread 0: Writing rd(1) <= 4
[2595000] [WB]  Thread 1: Writing rd(1) <= 5
[2595000] [WB]  Thread 2: Writing rd(1) <= 6
[2595000] [WB]  Thread 3: Writing rd(1) <= 7
[2605000] CONTROLLER (tb_gpu_pipelined.dut.program_memory_controller): Ch 0 READ complete for Consumer 1. Returning to IDLE.
[2605000] [IF]  Fetched PC=15, Instr=3330
[2615000] CONTROLLER (tb_gpu_pipelined.dut.program_memory_controller): Ch 0 accepted READ from Consumer 1, Addr=16
[2615000] [STALL] Fetcher waiting on Program Memory...
[2615000] [ID]  Decoded PC=15
[2625000] [STALL] Fetcher waiting on Program Memory...
[2625000] [EX]  Executing PC=15, Mask=1111
[2635000] CONTROLLER (tb_gpu_pipelined.dut.program_memory_controller): Ch 0 READ ready from mem. Relaying Data=13920 to Consumer 1
[2635000] [STALL] Fetcher waiting on Program Memory...
[2635000] [MEM] Bypassing/Completing Memory Stage
[2645000] [STALL] Fetcher waiting on Program Memory...
[2645000] [WB]  Thread 0: Writing rd(3) <= 12
[2645000] [WB]  Thread 1: Writing rd(3) <= 13
[2645000] [WB]  Thread 2: Writing rd(3) <= 14
[2645000] [WB]  Thread 3: Writing rd(3) <= 15
[2655000] CONTROLLER (tb_gpu_pipelined.dut.program_memory_controller): Ch 0 READ complete for Consumer 1. Returning to IDLE.
[2655000] [IF]  Fetched PC=16, Instr=3660
[2665000] CONTROLLER (tb_gpu_pipelined.dut.program_memory_controller): Ch 0 accepted READ from Consumer 1, Addr=17
[2665000] [STALL] Fetcher waiting on Program Memory...
[2665000] [ID]  Decoded PC=16
[2675000] [STALL] Fetcher waiting on Program Memory...
[2675000] [EX]  Executing PC=16, Mask=1111
[2685000] CONTROLLER (tb_gpu_pipelined.dut.program_memory_controller): Ch 0 READ ready from mem. Relaying Data=0 to Consumer 1
[2685000] [STALL] Fetcher waiting on Program Memory...
[2685000] [MEM] Bypassing/Completing Memory Stage
[2695000] [STALL] Fetcher waiting on Program Memory...
[2695000] [WB]  Thread 0: Writing rd(6) <= 20
[2695000] [WB]  Thread 1: Writing rd(6) <= 21
[2695000] [WB]  Thread 2: Writing rd(6) <= 22
[2695000] [WB]  Thread 3: Writing rd(6) <= 23
[2705000] CONTROLLER (tb_gpu_pipelined.dut.program_memory_controller): Ch 0 READ complete for Consumer 1. Returning to IDLE.
[2705000] [IF]  Fetched PC=17, Instr=0000
[2715000] CONTROLLER (tb_gpu_pipelined.dut.program_memory_controller): Ch 0 accepted READ from Consumer 1, Addr=18
[2715000] [STALL] Fetcher waiting on Program Memory...
[2715000] [ID]  Decoded PC=17
[2725000] [STALL] Fetcher waiting on Program Memory...
[2725000] [EX]  Executing PC=17, Mask=1111
[2735000] CONTROLLER (tb_gpu_pipelined.dut.program_memory_controller): Ch 0 READ ready from mem. Relaying Data=0 to Consumer 1
[2735000] [STALL] Fetcher waiting on Program Memory...
[2735000] [MEM] Bypassing/Completing Memory Stage
[2745000] [STALL] Fetcher waiting on Program Memory...
[2755000] CONTROLLER (tb_gpu_pipelined.dut.program_memory_controller): Ch 0 READ complete for Consumer 1. Returning to IDLE.
[2755000] [IF]  Fetched PC=18, Instr=0000
[2765000] CONTROLLER (tb_gpu_pipelined.dut.program_memory_controller): Ch 0 accepted READ from Consumer 1, Addr=19
[2765000] [STALL] Fetcher waiting on Program Memory...
[2765000] [ID]  Decoded PC=18
[2775000] [STALL] Fetcher waiting on Program Memory...
[2775000] [EX]  Executing PC=18, Mask=1111
[2785000] CONTROLLER (tb_gpu_pipelined.dut.program_memory_controller): Ch 0 READ ready from mem. Relaying Data=0 to Consumer 1
[2785000] [STALL] Fetcher waiting on Program Memory...
[2785000] [MEM] Bypassing/Completing Memory Stage
[2795000] [STALL] Fetcher waiting on Program Memory...
[2805000] CONTROLLER (tb_gpu_pipelined.dut.program_memory_controller): Ch 0 READ complete for Consumer 1. Returning to IDLE.
[2805000] [IF]  Fetched PC=19, Instr=0000
[2815000] CONTROLLER (tb_gpu_pipelined.dut.program_memory_controller): Ch 0 accepted READ from Consumer 1, Addr=20
[2815000] [STALL] Fetcher waiting on Program Memory...
[2815000] [ID]  Decoded PC=19
[2825000] [STALL] Fetcher waiting on Program Memory...
[2825000] [EX]  Executing PC=19, Mask=1111
[2835000] CONTROLLER (tb_gpu_pipelined.dut.program_memory_controller): Ch 0 READ ready from mem. Relaying Data=29200 to Consumer 1
[2835000] [STALL] Fetcher waiting on Program Memory...
[2835000] [MEM] Bypassing/Completing Memory Stage
[2845000] [STALL] Fetcher waiting on Program Memory...
[2855000] CONTROLLER (tb_gpu_pipelined.dut.program_memory_controller): Ch 0 READ complete for Consumer 1. Returning to IDLE.
[2855000] [IF]  Fetched PC=20, Instr=7210
[2865000] CONTROLLER (tb_gpu_pipelined.dut.program_memory_controller): Ch 0 accepted READ from Consumer 1, Addr=21
[2865000] [STALL] Fetcher waiting on Program Memory...
[2865000] [ID]  Decoded PC=20
[2875000] [STALL] Fetcher waiting on Program Memory...
[2875000] [EX]  Executing PC=20, Mask=1111
[2885000] CONTROLLER (tb_gpu_pipelined.dut.program_memory_controller): Ch 0 READ ready from mem. Relaying Data=29744 to Consumer 1
[2885000] [STALL] Backend (LSU) Memory Stall triggered
[2895000] CONTROLLER (tb_gpu_pipelined.dut.data_memory_controller): Ch 0 accepted READ from Consumer 4, Addr=7
[2895000] CONTROLLER (tb_gpu_pipelined.dut.data_memory_controller): Ch 1 accepted READ from Consumer 5, Addr=6
[2895000] CONTROLLER (tb_gpu_pipelined.dut.data_memory_controller): Ch 2 accepted READ from Consumer 6, Addr=5
[2895000] CONTROLLER (tb_gpu_pipelined.dut.data_memory_controller): Ch 3 accepted READ from Consumer 7, Addr=4
[2895000] [STALL] Backend (LSU) Memory Stall triggered
[2905000] CONTROLLER (tb_gpu_pipelined.dut.program_memory_controller): Ch 0 READ complete for Consumer 1. Returning to IDLE.
[2905000] [STALL] Backend (LSU) Memory Stall triggered
[2915000] CONTROLLER (tb_gpu_pipelined.dut.data_memory_controller): Ch 0 READ ready from mem. Relaying Data=70 to Consumer 4
[2915000] CONTROLLER (tb_gpu_pipelined.dut.data_memory_controller): Ch 1 READ ready from mem. Relaying Data=60 to Consumer 5
[2915000] CONTROLLER (tb_gpu_pipelined.dut.data_memory_controller): Ch 2 READ ready from mem. Relaying Data=50 to Consumer 6
[2915000] CONTROLLER (tb_gpu_pipelined.dut.data_memory_controller): Ch 3 READ ready from mem. Relaying Data=40 to Consumer 7
[2915000] [STALL] Backend (LSU) Memory Stall triggered
[2925000] [IF]  Fetched PC=21, Instr=7430
[2925000] [MEM] Bypassing/Completing Memory Stage
[2935000] CONTROLLER (tb_gpu_pipelined.dut.data_memory_controller): Ch 0 READ complete for Consumer 4. Returning to IDLE.
[2935000] CONTROLLER (tb_gpu_pipelined.dut.data_memory_controller): Ch 1 READ complete for Consumer 5. Returning to IDLE.
[2935000] CONTROLLER (tb_gpu_pipelined.dut.data_memory_controller): Ch 2 READ complete for Consumer 6. Returning to IDLE.
[2935000] CONTROLLER (tb_gpu_pipelined.dut.data_memory_controller): Ch 3 READ complete for Consumer 7. Returning to IDLE.
[2935000] CONTROLLER (tb_gpu_pipelined.dut.program_memory_controller): Ch 0 accepted READ from Consumer 1, Addr=22
[2935000] [STALL] Fetcher waiting on Program Memory...
[2935000] [ID]  Decoded PC=21
[2935000] [WB]  Thread 0: Writing rd(2) <= 40
[2935000] [WB]  Thread 1: Writing rd(2) <= 50
[2935000] [WB]  Thread 2: Writing rd(2) <= 60
[2935000] [WB]  Thread 3: Writing rd(2) <= 70
[2945000] [STALL] Fetcher waiting on Program Memory...
[2945000] [EX]  Executing PC=21, Mask=1111
[2955000] CONTROLLER (tb_gpu_pipelined.dut.program_memory_controller): Ch 0 READ ready from mem. Relaying Data=0 to Consumer 1
[2955000] [STALL] Backend (LSU) Memory Stall triggered
[2965000] CONTROLLER (tb_gpu_pipelined.dut.data_memory_controller): Ch 0 accepted READ from Consumer 4, Addr=15
[2965000] CONTROLLER (tb_gpu_pipelined.dut.data_memory_controller): Ch 1 accepted READ from Consumer 5, Addr=14
[2965000] CONTROLLER (tb_gpu_pipelined.dut.data_memory_controller): Ch 2 accepted READ from Consumer 6, Addr=13
[2965000] CONTROLLER (tb_gpu_pipelined.dut.data_memory_controller): Ch 3 accepted READ from Consumer 7, Addr=12
[2965000] [STALL] Backend (LSU) Memory Stall triggered
[2975000] CONTROLLER (tb_gpu_pipelined.dut.program_memory_controller): Ch 0 READ complete for Consumer 1. Returning to IDLE.
[2975000] [STALL] Backend (LSU) Memory Stall triggered
[2985000] CONTROLLER (tb_gpu_pipelined.dut.data_memory_controller): Ch 0 READ ready from mem. Relaying Data=14 to Consumer 4
[2985000] CONTROLLER (tb_gpu_pipelined.dut.data_memory_controller): Ch 1 READ ready from mem. Relaying Data=12 to Consumer 5
[2985000] CONTROLLER (tb_gpu_pipelined.dut.data_memory_controller): Ch 2 READ ready from mem. Relaying Data=10 to Consumer 6
[2985000] CONTROLLER (tb_gpu_pipelined.dut.data_memory_controller): Ch 3 READ ready from mem. Relaying Data=8 to Consumer 7
[2985000] [STALL] Backend (LSU) Memory Stall triggered
[2995000] [IF]  Fetched PC=22, Instr=0000
[2995000] [MEM] Bypassing/Completing Memory Stage
[3005000] CONTROLLER (tb_gpu_pipelined.dut.data_memory_controller): Ch 0 READ complete for Consumer 4. Returning to IDLE.
[3005000] CONTROLLER (tb_gpu_pipelined.dut.data_memory_controller): Ch 1 READ complete for Consumer 5. Returning to IDLE.
[3005000] CONTROLLER (tb_gpu_pipelined.dut.data_memory_controller): Ch 2 READ complete for Consumer 6. Returning to IDLE.
[3005000] CONTROLLER (tb_gpu_pipelined.dut.data_memory_controller): Ch 3 READ complete for Consumer 7. Returning to IDLE.
[3005000] CONTROLLER (tb_gpu_pipelined.dut.program_memory_controller): Ch 0 accepted READ from Consumer 1, Addr=23
[3005000] [STALL] Fetcher waiting on Program Memory...
[3005000] [ID]  Decoded PC=22
[3005000] [WB]  Thread 0: Writing rd(4) <= 8
[3005000] [WB]  Thread 1: Writing rd(4) <= 10
[3005000] [WB]  Thread 2: Writing rd(4) <= 12
[3005000] [WB]  Thread 3: Writing rd(4) <= 14
[3015000] [STALL] Fetcher waiting on Program Memory...
[3015000] [EX]  Executing PC=22, Mask=1111
[3025000] CONTROLLER (tb_gpu_pipelined.dut.program_memory_controller): Ch 0 READ ready from mem. Relaying Data=0 to Consumer 1
[3025000] [STALL] Fetcher waiting on Program Memory...
[3025000] [MEM] Bypassing/Completing Memory Stage
[3035000] [STALL] Fetcher waiting on Program Memory...
[3045000] CONTROLLER (tb_gpu_pipelined.dut.program_memory_controller): Ch 0 READ complete for Consumer 1. Returning to IDLE.
[3045000] [IF]  Fetched PC=23, Instr=0000
[3055000] CONTROLLER (tb_gpu_pipelined.dut.program_memory_controller): Ch 0 accepted READ from Consumer 1, Addr=24
[3055000] [STALL] Fetcher waiting on Program Memory...
[3055000] [ID]  Decoded PC=23
[3065000] [STALL] Fetcher waiting on Program Memory...
[3065000] [EX]  Executing PC=23, Mask=1111
[3075000] CONTROLLER (tb_gpu_pipelined.dut.program_memory_controller): Ch 0 READ ready from mem. Relaying Data=0 to Consumer 1
[3075000] [STALL] Fetcher waiting on Program Memory...
[3075000] [MEM] Bypassing/Completing Memory Stage
[3085000] [STALL] Fetcher waiting on Program Memory...
[3095000] CONTROLLER (tb_gpu_pipelined.dut.program_memory_controller): Ch 0 READ complete for Consumer 1. Returning to IDLE.
[3095000] [IF]  Fetched PC=24, Instr=0000
[3105000] CONTROLLER (tb_gpu_pipelined.dut.program_memory_controller): Ch 0 accepted READ from Consumer 1, Addr=25
[3105000] [STALL] Fetcher waiting on Program Memory...
[3105000] [ID]  Decoded PC=24
[3115000] [STALL] Fetcher waiting on Program Memory...
[3115000] [EX]  Executing PC=24, Mask=1111
[3125000] CONTROLLER (tb_gpu_pipelined.dut.program_memory_controller): Ch 0 READ ready from mem. Relaying Data=13604 to Consumer 1
[3125000] [STALL] Fetcher waiting on Program Memory...
[3125000] [MEM] Bypassing/Completing Memory Stage
[3135000] [STALL] Fetcher waiting on Program Memory...
[3145000] CONTROLLER (tb_gpu_pipelined.dut.program_memory_controller): Ch 0 READ complete for Consumer 1. Returning to IDLE.
[3145000] [IF]  Fetched PC=25, Instr=3524
[3155000] CONTROLLER (tb_gpu_pipelined.dut.program_memory_controller): Ch 0 accepted READ from Consumer 1, Addr=26
[3155000] [STALL] Fetcher waiting on Program Memory...
[3155000] [ID]  Decoded PC=25
[3165000] [STALL] Fetcher waiting on Program Memory...
[3165000] [EX]  Executing PC=25, Mask=1111
[3175000] CONTROLLER (tb_gpu_pipelined.dut.program_memory_controller): Ch 0 READ ready from mem. Relaying Data=0 to Consumer 1
[3175000] [STALL] Fetcher waiting on Program Memory...
[3175000] [MEM] Bypassing/Completing Memory Stage
[3185000] [STALL] Fetcher waiting on Program Memory...
[3185000] [WB]  Thread 0: Writing rd(5) <= 48
[3185000] [WB]  Thread 1: Writing rd(5) <= 60
[3185000] [WB]  Thread 2: Writing rd(5) <= 72
[3185000] [WB]  Thread 3: Writing rd(5) <= 84
[3195000] CONTROLLER (tb_gpu_pipelined.dut.program_memory_controller): Ch 0 READ complete for Consumer 1. Returning to IDLE.
[3195000] [IF]  Fetched PC=26, Instr=0000
[3205000] CONTROLLER (tb_gpu_pipelined.dut.program_memory_controller): Ch 0 accepted READ from Consumer 1, Addr=27
[3205000] [STALL] Fetcher waiting on Program Memory...
[3205000] [ID]  Decoded PC=26
[3215000] [STALL] Fetcher waiting on Program Memory...
[3215000] [EX]  Executing PC=26, Mask=1111
[3225000] CONTROLLER (tb_gpu_pipelined.dut.program_memory_controller): Ch 0 READ ready from mem. Relaying Data=0 to Consumer 1
[3225000] [STALL] Fetcher waiting on Program Memory...
[3225000] [MEM] Bypassing/Completing Memory Stage
[3235000] [STALL] Fetcher waiting on Program Memory...
[3245000] CONTROLLER (tb_gpu_pipelined.dut.program_memory_controller): Ch 0 READ complete for Consumer 1. Returning to IDLE.
[3245000] [IF]  Fetched PC=27, Instr=0000
[3255000] CONTROLLER (tb_gpu_pipelined.dut.program_memory_controller): Ch 0 accepted READ from Consumer 1, Addr=28
[3255000] [STALL] Fetcher waiting on Program Memory...
[3255000] [ID]  Decoded PC=27
[3265000] [STALL] Fetcher waiting on Program Memory...
[3265000] [EX]  Executing PC=27, Mask=1111
[3275000] CONTROLLER (tb_gpu_pipelined.dut.program_memory_controller): Ch 0 READ ready from mem. Relaying Data=0 to Consumer 1
[3275000] [STALL] Fetcher waiting on Program Memory...
[3275000] [MEM] Bypassing/Completing Memory Stage
[3285000] [STALL] Fetcher waiting on Program Memory...
[3295000] CONTROLLER (tb_gpu_pipelined.dut.program_memory_controller): Ch 0 READ complete for Consumer 1. Returning to IDLE.
[3295000] [IF]  Fetched PC=28, Instr=0000
[3305000] CONTROLLER (tb_gpu_pipelined.dut.program_memory_controller): Ch 0 accepted READ from Consumer 1, Addr=29
[3305000] [STALL] Fetcher waiting on Program Memory...
[3305000] [ID]  Decoded PC=28
[3315000] [STALL] Fetcher waiting on Program Memory...
[3315000] [EX]  Executing PC=28, Mask=1111
[3325000] CONTROLLER (tb_gpu_pipelined.dut.program_memory_controller): Ch 0 READ ready from mem. Relaying Data=32869 to Consumer 1
[3325000] [STALL] Fetcher waiting on Program Memory...
[3325000] [MEM] Bypassing/Completing Memory Stage
[3335000] [STALL] Fetcher waiting on Program Memory...
[3345000] CONTROLLER (tb_gpu_pipelined.dut.program_memory_controller): Ch 0 READ complete for Consumer 1. Returning to IDLE.
[3345000] [IF]  Fetched PC=29, Instr=8065
[3355000] CONTROLLER (tb_gpu_pipelined.dut.program_memory_controller): Ch 0 accepted READ from Consumer 1, Addr=30
[3355000] [STALL] Fetcher waiting on Program Memory...
[3355000] [ID]  Decoded PC=29
[3365000] [STALL] Fetcher waiting on Program Memory...
[3365000] [EX]  Executing PC=29, Mask=1111
[3375000] CONTROLLER (tb_gpu_pipelined.dut.program_memory_controller): Ch 0 READ ready from mem. Relaying Data=0 to Consumer 1
[3375000] [STALL] Backend (LSU) Memory Stall triggered
[3385000] CONTROLLER (tb_gpu_pipelined.dut.data_memory_controller): Ch 0 accepted WRITE from Consumer 4, Addr=23, Data=84
[3385000] CONTROLLER (tb_gpu_pipelined.dut.data_memory_controller): Ch 1 accepted WRITE from Consumer 5, Addr=22, Data=72
[3385000] CONTROLLER (tb_gpu_pipelined.dut.data_memory_controller): Ch 2 accepted WRITE from Consumer 6, Addr=21, Data=60
[3385000] CONTROLLER (tb_gpu_pipelined.dut.data_memory_controller): Ch 3 accepted WRITE from Consumer 7, Addr=20, Data=48
[3385000] [STALL] Backend (LSU) Memory Stall triggered
[3395000] CONTROLLER (tb_gpu_pipelined.dut.program_memory_controller): Ch 0 READ complete for Consumer 1. Returning to IDLE.
[3395000] [STALL] Backend (LSU) Memory Stall triggered
[3405000] CONTROLLER (tb_gpu_pipelined.dut.data_memory_controller): Ch 0 WRITE acknowledged by mem. Notifying Consumer 4
[3405000] CONTROLLER (tb_gpu_pipelined.dut.data_memory_controller): Ch 1 WRITE acknowledged by mem. Notifying Consumer 5
[3405000] CONTROLLER (tb_gpu_pipelined.dut.data_memory_controller): Ch 2 WRITE acknowledged by mem. Notifying Consumer 6
[3405000] CONTROLLER (tb_gpu_pipelined.dut.data_memory_controller): Ch 3 WRITE acknowledged by mem. Notifying Consumer 7
[3405000] [STALL] Backend (LSU) Memory Stall triggered
[3415000] [IF]  Fetched PC=30, Instr=0000
[3415000] [MEM] Bypassing/Completing Memory Stage
[3425000] CONTROLLER (tb_gpu_pipelined.dut.data_memory_controller): Ch 0 WRITE complete for Consumer 4. Returning to IDLE.
[3425000] CONTROLLER (tb_gpu_pipelined.dut.data_memory_controller): Ch 1 WRITE complete for Consumer 5. Returning to IDLE.
[3425000] CONTROLLER (tb_gpu_pipelined.dut.data_memory_controller): Ch 2 WRITE complete for Consumer 6. Returning to IDLE.
[3425000] CONTROLLER (tb_gpu_pipelined.dut.data_memory_controller): Ch 3 WRITE complete for Consumer 7. Returning to IDLE.
[3425000] CONTROLLER (tb_gpu_pipelined.dut.program_memory_controller): Ch 0 accepted READ from Consumer 1, Addr=31
[3425000] [STALL] Fetcher waiting on Program Memory...
[3425000] [ID]  Decoded PC=30
[3435000] [STALL] Fetcher waiting on Program Memory...
[3435000] [EX]  Executing PC=30, Mask=1111
[3445000] CONTROLLER (tb_gpu_pipelined.dut.program_memory_controller): Ch 0 READ ready from mem. Relaying Data=0 to Consumer 1
[3445000] [STALL] Fetcher waiting on Program Memory...
[3445000] [MEM] Bypassing/Completing Memory Stage
[3455000] [STALL] Fetcher waiting on Program Memory...
[3465000] CONTROLLER (tb_gpu_pipelined.dut.program_memory_controller): Ch 0 READ complete for Consumer 1. Returning to IDLE.
[3465000] [IF]  Fetched PC=31, Instr=0000
[3475000] CONTROLLER (tb_gpu_pipelined.dut.program_memory_controller): Ch 0 accepted READ from Consumer 1, Addr=32
[3475000] [STALL] Fetcher waiting on Program Memory...
[3475000] [ID]  Decoded PC=31
[3485000] [STALL] Fetcher waiting on Program Memory...
[3485000] [EX]  Executing PC=31, Mask=1111
[3495000] CONTROLLER (tb_gpu_pipelined.dut.program_memory_controller): Ch 0 READ ready from mem. Relaying Data=0 to Consumer 1
[3495000] [STALL] Fetcher waiting on Program Memory...
[3495000] [MEM] Bypassing/Completing Memory Stage
[3505000] [STALL] Fetcher waiting on Program Memory...
[3515000] CONTROLLER (tb_gpu_pipelined.dut.program_memory_controller): Ch 0 READ complete for Consumer 1. Returning to IDLE.
[3515000] [IF]  Fetched PC=32, Instr=0000
[3525000] CONTROLLER (tb_gpu_pipelined.dut.program_memory_controller): Ch 0 accepted READ from Consumer 1, Addr=33
[3525000] [STALL] Fetcher waiting on Program Memory...
[3525000] [ID]  Decoded PC=32
[3535000] [STALL] Fetcher waiting on Program Memory...
[3535000] [EX]  Executing PC=32, Mask=1111
[3545000] CONTROLLER (tb_gpu_pipelined.dut.program_memory_controller): Ch 0 READ ready from mem. Relaying Data=61440 to Consumer 1
[3545000] [STALL] Fetcher waiting on Program Memory...
[3545000] [MEM] Bypassing/Completing Memory Stage
[3555000] [STALL] Fetcher waiting on Program Memory...
[3565000] CONTROLLER (tb_gpu_pipelined.dut.program_memory_controller): Ch 0 READ complete for Consumer 1. Returning to IDLE.
[3565000] [IF]  Fetched PC=33, Instr=f000
[3575000] CONTROLLER (tb_gpu_pipelined.dut.program_memory_controller): Ch 0 accepted READ from Consumer 1, Addr=34
[3575000] [STALL] Fetcher waiting on Program Memory...
[3575000] [ID]  Decoded PC=33
[3585000] [STALL] Fetcher waiting on Program Memory...
[3585000] [EX]  Executing PC=33, Mask=1111
[3585000] [SCHEDULER] Block Finished! Releasing bus.
[3595000] CONTROLLER (tb_gpu_pipelined.dut.program_memory_controller): Ch 0 READ ready from mem. Relaying Data=0 to Consumer 1
[3595000] [MEM] Bypassing/Completing Memory Stage
[3595000] [TESTBENCH] Execution Completed!
==================================================
   VERIFYING RESULTS (C = A + B)
==================================================
Index 0: A(0) + B(0) = C(0) [PASS]
Index 1: A(10) + B(2) = C(12) [PASS]
Index 2: A(20) + B(4) = C(24) [PASS]
Index 3: A(30) + B(6) = C(36) [PASS]
Index 4: A(40) + B(8) = C(48) [PASS]
Index 5: A(50) + B(10) = C(60) [PASS]
Index 6: A(60) + B(12) = C(72) [PASS]
Index 7: A(70) + B(14) = C(84) [PASS]
$finish called at time : 3615 ns : File "../tiny-gpu/src/tb/tb_gpu_pipelined.sv" Line 181
