==================================================
   STARTING WARP SCHEDULING & LATENCY HIDING TEST 
==================================================
[255000] [DISPATCH] Started. Global Threads=8, Blocks=1, ThreadsPerCore=16
[255000] [DISPATCH] Launching Core 0 -> Block 0 (Driving core_thread_count to 0)
[255000] [GPU] Top-level Start. DCR Thread Count=8
[265000] [GPU] Top-level Start. DCR Thread Count=8
[265000] [SCHEDULER] Core Started! Thread count received: 8
[265000] [SCHEDULER] Initialized Warp 0 | Target Mask: 00000000000000000000000000001111
[265000] [SCHEDULER] Initialized Warp 1 | Target Mask: 00000000000000000000000000001111
[265000] [GPU] Wiring core_start[0]=1 | block_id=0 | thread_count_wire=8
[275000] CONTROLLER (tb_phase3.dut.program_memory_controller): Ch 0 accepted READ from Consumer 0, Addr=0
[275000] [GPU] Top-level Start. DCR Thread Count=8
[275000] [GPU] Wiring core_start[0]=1 | block_id=0 | thread_count_wire=8
[285000] [GPU] Top-level Start. DCR Thread Count=8
[285000] [GPU] Wiring core_start[0]=1 | block_id=0 | thread_count_wire=8
[295000] CONTROLLER (tb_phase3.dut.program_memory_controller): Ch 0 READ ready from mem. Relaying Data=37124 to Consumer 0
[295000] [GPU] Top-level Start. DCR Thread Count=8
[295000] [GPU] Wiring core_start[0]=1 | block_id=0 | thread_count_wire=8
[305000] [GPU] Wiring core_start[0]=1 | block_id=0 | thread_count_wire=8
[315000] CONTROLLER (tb_phase3.dut.program_memory_controller): Ch 0 READ complete for Consumer 0. Returning to IDLE.
[315000] [SCOREBOARD] Issued Warp 0 | PC=0 | Mask=1111
[315000] [GPU] Wiring core_start[0]=1 | block_id=0 | thread_count_wire=8
[325000] CONTROLLER (tb_phase3.dut.program_memory_controller): Ch 0 accepted READ from Consumer 0, Addr=0
[325000] [GPU] Wiring core_start[0]=1 | block_id=0 | thread_count_wire=8
[335000] [GPU] Wiring core_start[0]=1 | block_id=0 | thread_count_wire=8
[345000] CONTROLLER (tb_phase3.dut.program_memory_controller): Ch 0 READ ready from mem. Relaying Data=37124 to Consumer 0
[345000] [GPU] Wiring core_start[0]=1 | block_id=0 | thread_count_wire=8
[355000] [GPU] Wiring core_start[0]=1 | block_id=0 | thread_count_wire=8
[365000] CONTROLLER (tb_phase3.dut.program_memory_controller): Ch 0 READ complete for Consumer 0. Returning to IDLE.
[365000] [SCOREBOARD] Issued Warp 1 | PC=0 | Mask=1111
[365000] [GPU] Wiring core_start[0]=1 | block_id=0 | thread_count_wire=8
[375000] CONTROLLER (tb_phase3.dut.program_memory_controller): Ch 0 accepted READ from Consumer 0, Addr=0
[375000] [GPU] Wiring core_start[0]=1 | block_id=0 | thread_count_wire=8
[385000] [GPU] Wiring core_start[0]=1 | block_id=0 | thread_count_wire=8
[395000] CONTROLLER (tb_phase3.dut.program_memory_controller): Ch 0 READ ready from mem. Relaying Data=37124 to Consumer 0
[395000] [GPU] Wiring core_start[0]=1 | block_id=0 | thread_count_wire=8
[405000] [GPU] Wiring core_start[0]=1 | block_id=0 | thread_count_wire=8
[415000] CONTROLLER (tb_phase3.dut.program_memory_controller): Ch 0 READ complete for Consumer 0. Returning to IDLE.
[415000] [SCOREBOARD] Issued Warp 0 | PC=1 | Mask=1111
[415000] [GPU] Wiring core_start[0]=1 | block_id=0 | thread_count_wire=8
[425000] CONTROLLER (tb_phase3.dut.program_memory_controller): Ch 0 accepted READ from Consumer 0, Addr=1
[425000] [GPU] Wiring core_start[0]=1 | block_id=0 | thread_count_wire=8
[435000] [GPU] Wiring core_start[0]=1 | block_id=0 | thread_count_wire=8
[445000] CONTROLLER (tb_phase3.dut.program_memory_controller): Ch 0 READ ready from mem. Relaying Data=8433 to Consumer 0
[445000] [GPU] Wiring core_start[0]=1 | block_id=0 | thread_count_wire=8
[455000] [GPU] Wiring core_start[0]=1 | block_id=0 | thread_count_wire=8
[465000] CONTROLLER (tb_phase3.dut.program_memory_controller): Ch 0 READ complete for Consumer 0. Returning to IDLE.
[465000] [SCOREBOARD] Issued Warp 1 | PC=1 | Mask=1111
[465000] [GPU] Wiring core_start[0]=1 | block_id=0 | thread_count_wire=8
[475000] CONTROLLER (tb_phase3.dut.program_memory_controller): Ch 0 accepted READ from Consumer 0, Addr=1
[475000] [GPU] Wiring core_start[0]=1 | block_id=0 | thread_count_wire=8
[485000] [PC] Warp 0 updated condition codes (NZP) to 001
[485000] [PC] Warp 0 updated condition codes (NZP) to 001
[485000] [PC] Warp 0 updated condition codes (NZP) to 001
[485000] [PC] Warp 0 updated condition codes (NZP) to 001
[485000] [GPU] Wiring core_start[0]=1 | block_id=0 | thread_count_wire=8
[495000] CONTROLLER (tb_phase3.dut.program_memory_controller): Ch 0 READ ready from mem. Relaying Data=8433 to Consumer 0
[495000] [GPU] Wiring core_start[0]=1 | block_id=0 | thread_count_wire=8
[505000] [GPU] Wiring core_start[0]=1 | block_id=0 | thread_count_wire=8
[515000] CONTROLLER (tb_phase3.dut.program_memory_controller): Ch 0 READ complete for Consumer 0. Returning to IDLE.
[515000] [SCOREBOARD] Issued Warp 0 | PC=2 | Mask=1111
[515000] [GPU] Wiring core_start[0]=1 | block_id=0 | thread_count_wire=8
[525000] CONTROLLER (tb_phase3.dut.program_memory_controller): Ch 0 accepted READ from Consumer 0, Addr=2
[525000] [GPU] Wiring core_start[0]=1 | block_id=0 | thread_count_wire=8
[535000] [PC] Warp 1 updated condition codes (NZP) to 010
[535000] [PC] Warp 1 updated condition codes (NZP) to 100
[535000] [PC] Warp 1 updated condition codes (NZP) to 100
[535000] [PC] Warp 1 updated condition codes (NZP) to 100
[535000] [GPU] Wiring core_start[0]=1 | block_id=0 | thread_count_wire=8
[545000] CONTROLLER (tb_phase3.dut.program_memory_controller): Ch 0 READ ready from mem. Relaying Data=4618 to Consumer 0
[545000] [GPU] Wiring core_start[0]=1 | block_id=0 | thread_count_wire=8
[555000] [GPU] Wiring core_start[0]=1 | block_id=0 | thread_count_wire=8
[565000] CONTROLLER (tb_phase3.dut.program_memory_controller): Ch 0 READ complete for Consumer 0. Returning to IDLE.
[565000] [SCOREBOARD] Issued Warp 1 | PC=2 | Mask=1111
[565000] [GPU] Wiring core_start[0]=1 | block_id=0 | thread_count_wire=8
[575000] CONTROLLER (tb_phase3.dut.program_memory_controller): Ch 0 accepted READ from Consumer 0, Addr=2
[575000] [GPU] Wiring core_start[0]=1 | block_id=0 | thread_count_wire=8
[585000] [PC] Warp 0 evaluating Branch. Current NZP=001, Condition=001. Result:       TAKEN
[585000] [PC] Warp 0 evaluating Branch. Current NZP=001, Condition=001. Result:       TAKEN
[585000] [PC] Warp 0 evaluating Branch. Current NZP=001, Condition=001. Result:       TAKEN
[585000] [PC] Warp 0 evaluating Branch. Current NZP=001, Condition=001. Result:       TAKEN
[585000] [SCHEDULER] Warp 0 UNIFORM BRANCH to PC=10
[585000] [GPU] Wiring core_start[0]=1 | block_id=0 | thread_count_wire=8
[595000] CONTROLLER (tb_phase3.dut.program_memory_controller): Ch 0 READ ready from mem. Relaying Data=4618 to Consumer 0
[595000] [GPU] Wiring core_start[0]=1 | block_id=0 | thread_count_wire=8
[605000] [GPU] Wiring core_start[0]=1 | block_id=0 | thread_count_wire=8
[615000] CONTROLLER (tb_phase3.dut.program_memory_controller): Ch 0 READ complete for Consumer 0. Returning to IDLE.
[615000] [SCOREBOARD] Issued Warp 0 | PC=10 | Mask=1111
[615000] [GPU] Wiring core_start[0]=1 | block_id=0 | thread_count_wire=8
[625000] CONTROLLER (tb_phase3.dut.program_memory_controller): Ch 0 accepted READ from Consumer 0, Addr=10
[625000] [GPU] Wiring core_start[0]=1 | block_id=0 | thread_count_wire=8
[635000] [PC] Warp 1 evaluating Branch. Current NZP=010, Condition=001. Result: FALLTHROUGH
[635000] [PC] Warp 1 evaluating Branch. Current NZP=100, Condition=001. Result: FALLTHROUGH
[635000] [PC] Warp 1 evaluating Branch. Current NZP=100, Condition=001. Result: FALLTHROUGH
[635000] [PC] Warp 1 evaluating Branch. Current NZP=100, Condition=001. Result: FALLTHROUGH
[635000] [GPU] Wiring core_start[0]=1 | block_id=0 | thread_count_wire=8
[645000] CONTROLLER (tb_phase3.dut.program_memory_controller): Ch 0 READ ready from mem. Relaying Data=37476 to Consumer 0
[645000] [GPU] Wiring core_start[0]=1 | block_id=0 | thread_count_wire=8
[655000] [GPU] Wiring core_start[0]=1 | block_id=0 | thread_count_wire=8
[665000] CONTROLLER (tb_phase3.dut.program_memory_controller): Ch 0 READ complete for Consumer 0. Returning to IDLE.
[665000] [SCOREBOARD] Issued Warp 1 | PC=3 | Mask=1111
[665000] [GPU] Wiring core_start[0]=1 | block_id=0 | thread_count_wire=8
[675000] CONTROLLER (tb_phase3.dut.program_memory_controller): Ch 0 accepted READ from Consumer 0, Addr=3
[675000] [GPU] Wiring core_start[0]=1 | block_id=0 | thread_count_wire=8
[685000] [GPU] Wiring core_start[0]=1 | block_id=0 | thread_count_wire=8
[695000] CONTROLLER (tb_phase3.dut.program_memory_controller): Ch 0 READ ready from mem. Relaying Data=37377 to Consumer 0
[695000] [GPU] Wiring core_start[0]=1 | block_id=0 | thread_count_wire=8
[705000] [GPU] Wiring core_start[0]=1 | block_id=0 | thread_count_wire=8
[715000] CONTROLLER (tb_phase3.dut.program_memory_controller): Ch 0 READ complete for Consumer 0. Returning to IDLE.
[715000] [SCOREBOARD] Issued Warp 0 | PC=11 | Mask=1111
[715000] [GPU] Wiring core_start[0]=1 | block_id=0 | thread_count_wire=8
[725000] CONTROLLER (tb_phase3.dut.program_memory_controller): Ch 0 accepted READ from Consumer 0, Addr=11
[725000] [GPU] Wiring core_start[0]=1 | block_id=0 | thread_count_wire=8
[735000] [GPU] Wiring core_start[0]=1 | block_id=0 | thread_count_wire=8
[745000] CONTROLLER (tb_phase3.dut.program_memory_controller): Ch 0 READ ready from mem. Relaying Data=29472 to Consumer 0
[745000] [GPU] Wiring core_start[0]=1 | block_id=0 | thread_count_wire=8
[755000] [GPU] Wiring core_start[0]=1 | block_id=0 | thread_count_wire=8
[765000] CONTROLLER (tb_phase3.dut.program_memory_controller): Ch 0 READ complete for Consumer 0. Returning to IDLE.
[765000] [SCOREBOARD] Issued Warp 1 | PC=4 | Mask=1111
[765000] [GPU] Wiring core_start[0]=1 | block_id=0 | thread_count_wire=8
[775000] CONTROLLER (tb_phase3.dut.program_memory_controller): Ch 0 accepted READ from Consumer 0, Addr=4
[775000] [GPU] Wiring core_start[0]=1 | block_id=0 | thread_count_wire=8
[785000] [GPU] Wiring core_start[0]=1 | block_id=0 | thread_count_wire=8
[795000] CONTROLLER (tb_phase3.dut.program_memory_controller): Ch 0 READ ready from mem. Relaying Data=12834 to Consumer 0
[795000] [SCHEDULER] SLEEPING Warp 0 (Waiting for memory)
[795000] [GPU] Wiring core_start[0]=1 | block_id=0 | thread_count_wire=8
[805000] [GPU] Wiring core_start[0]=1 | block_id=0 | thread_count_wire=8
[815000] CONTROLLER (tb_phase3.dut.data_memory_controller): Ch 0 accepted READ from Consumer 0, Addr=100
[815000] CONTROLLER (tb_phase3.dut.data_memory_controller): Ch 1 accepted READ from Consumer 1, Addr=100
[815000] CONTROLLER (tb_phase3.dut.data_memory_controller): Ch 2 accepted READ from Consumer 2, Addr=100
[815000] CONTROLLER (tb_phase3.dut.data_memory_controller): Ch 3 accepted READ from Consumer 3, Addr=100
[815000] CONTROLLER (tb_phase3.dut.program_memory_controller): Ch 0 READ complete for Consumer 0. Returning to IDLE.
[815000] [SCOREBOARD] Issued Warp 1 | PC=5 | Mask=1111
[815000] [GPU] Wiring core_start[0]=1 | block_id=0 | thread_count_wire=8
[825000] CONTROLLER (tb_phase3.dut.program_memory_controller): Ch 0 accepted READ from Consumer 0, Addr=5
[825000] [GPU] Wiring core_start[0]=1 | block_id=0 | thread_count_wire=8
[835000] [GPU] Wiring core_start[0]=1 | block_id=0 | thread_count_wire=8
[845000] CONTROLLER (tb_phase3.dut.program_memory_controller): Ch 0 READ ready from mem. Relaying Data=12834 to Consumer 0
[845000] [GPU] Wiring core_start[0]=1 | block_id=0 | thread_count_wire=8
[855000] [GPU] Wiring core_start[0]=1 | block_id=0 | thread_count_wire=8
[865000] CONTROLLER (tb_phase3.dut.program_memory_controller): Ch 0 READ complete for Consumer 0. Returning to IDLE.
[865000] [SCOREBOARD] Issued Warp 1 | PC=6 | Mask=1111
[865000] [GPU] Wiring core_start[0]=1 | block_id=0 | thread_count_wire=8
[875000] CONTROLLER (tb_phase3.dut.program_memory_controller): Ch 0 accepted READ from Consumer 0, Addr=6
[875000] [GPU] Wiring core_start[0]=1 | block_id=0 | thread_count_wire=8
[885000] CONTROLLER (tb_phase3.dut.data_memory_controller): Ch 0 READ ready from mem. Relaying Data=42 to Consumer 0
[885000] CONTROLLER (tb_phase3.dut.data_memory_controller): Ch 1 READ ready from mem. Relaying Data=42 to Consumer 1
[885000] CONTROLLER (tb_phase3.dut.data_memory_controller): Ch 2 READ ready from mem. Relaying Data=42 to Consumer 2
[885000] CONTROLLER (tb_phase3.dut.data_memory_controller): Ch 3 READ ready from mem. Relaying Data=42 to Consumer 3
[885000] [GPU] Wiring core_start[0]=1 | block_id=0 | thread_count_wire=8
[895000] CONTROLLER (tb_phase3.dut.program_memory_controller): Ch 0 READ ready from mem. Relaying Data=12834 to Consumer 0
[895000] [LSU Async] Warp 0 Global Read Done! Data=42
[895000] [LSU Async] Warp 0 Global Read Done! Data=42
[895000] [LSU Async] Warp 0 Global Read Done! Data=42
[895000] [LSU Async] Warp 0 Global Read Done! Data=42
[895000] [GPU] Wiring core_start[0]=1 | block_id=0 | thread_count_wire=8
[905000] CONTROLLER (tb_phase3.dut.data_memory_controller): Ch 0 READ complete for Consumer 0. Returning to IDLE.
[905000] CONTROLLER (tb_phase3.dut.data_memory_controller): Ch 1 READ complete for Consumer 1. Returning to IDLE.
[905000] CONTROLLER (tb_phase3.dut.data_memory_controller): Ch 2 READ complete for Consumer 2. Returning to IDLE.
[905000] CONTROLLER (tb_phase3.dut.data_memory_controller): Ch 3 READ complete for Consumer 3. Returning to IDLE.
[905000] [GPU] Wiring core_start[0]=1 | block_id=0 | thread_count_wire=8
[915000] CONTROLLER (tb_phase3.dut.program_memory_controller): Ch 0 READ complete for Consumer 0. Returning to IDLE.
[915000] [SCHEDULER] WAKING UP Warp 0 (Memory response received)
[915000] [SCOREBOARD] Issued Warp 1 | PC=7 | Mask=1111
[915000] [GPU] Wiring core_start[0]=1 | block_id=0 | thread_count_wire=8
[925000] CONTROLLER (tb_phase3.dut.program_memory_controller): Ch 0 accepted READ from Consumer 0, Addr=7
[925000] [GPU] Wiring core_start[0]=1 | block_id=0 | thread_count_wire=8
[935000] [GPU] Wiring core_start[0]=1 | block_id=0 | thread_count_wire=8
[945000] CONTROLLER (tb_phase3.dut.program_memory_controller): Ch 0 READ ready from mem. Relaying Data=12834 to Consumer 0
[945000] [GPU] Wiring core_start[0]=1 | block_id=0 | thread_count_wire=8
[955000] [GPU] Wiring core_start[0]=1 | block_id=0 | thread_count_wire=8
[965000] CONTROLLER (tb_phase3.dut.program_memory_controller): Ch 0 READ complete for Consumer 0. Returning to IDLE.
[965000] [SCOREBOARD] Issued Warp 0 | PC=12 | Mask=1111
[965000] [GPU] Wiring core_start[0]=1 | block_id=0 | thread_count_wire=8
[975000] CONTROLLER (tb_phase3.dut.program_memory_controller): Ch 0 accepted READ from Consumer 0, Addr=12
[975000] [GPU] Wiring core_start[0]=1 | block_id=0 | thread_count_wire=8
[985000] [GPU] Wiring core_start[0]=1 | block_id=0 | thread_count_wire=8
[995000] CONTROLLER (tb_phase3.dut.program_memory_controller): Ch 0 READ ready from mem. Relaying Data=13107 to Consumer 0
[995000] [GPU] Wiring core_start[0]=1 | block_id=0 | thread_count_wire=8
relaunch_sim: Time (s): cpu = 00:00:00 ; elapsed = 00:00:06 . Memory (MB): peak = 866.340 ; gain = 0.000
run all
[1005000] [GPU] Wiring core_start[0]=1 | block_id=0 | thread_count_wire=8
[1015000] CONTROLLER (tb_phase3.dut.program_memory_controller): Ch 0 READ complete for Consumer 0. Returning to IDLE.
[1015000] [SCOREBOARD] Issued Warp 1 | PC=8 | Mask=1111
[1015000] [GPU] Wiring core_start[0]=1 | block_id=0 | thread_count_wire=8
[1025000] CONTROLLER (tb_phase3.dut.program_memory_controller): Ch 0 accepted READ from Consumer 0, Addr=8
[1025000] [GPU] Wiring core_start[0]=1 | block_id=0 | thread_count_wire=8
[1035000] [GPU] Wiring core_start[0]=1 | block_id=0 | thread_count_wire=8
[1045000] CONTROLLER (tb_phase3.dut.program_memory_controller): Ch 0 READ ready from mem. Relaying Data=33010 to Consumer 0
[1045000] [GPU] Wiring core_start[0]=1 | block_id=0 | thread_count_wire=8
[1055000] [GPU] Wiring core_start[0]=1 | block_id=0 | thread_count_wire=8
[1065000] CONTROLLER (tb_phase3.dut.program_memory_controller): Ch 0 READ complete for Consumer 0. Returning to IDLE.
[1065000] [SCOREBOARD] Issued Warp 0 | PC=13 | Mask=1111
[1065000] [GPU] Wiring core_start[0]=1 | block_id=0 | thread_count_wire=8
[1075000] CONTROLLER (tb_phase3.dut.program_memory_controller): Ch 0 accepted READ from Consumer 0, Addr=13
[1075000] [GPU] Wiring core_start[0]=1 | block_id=0 | thread_count_wire=8
[1085000] [GPU] Wiring core_start[0]=1 | block_id=0 | thread_count_wire=8
[1095000] CONTROLLER (tb_phase3.dut.program_memory_controller): Ch 0 READ ready from mem. Relaying Data=33011 to Consumer 0
[1095000] [SCHEDULER] SLEEPING Warp 1 (Waiting for memory)
[1095000] [GPU] Wiring core_start[0]=1 | block_id=0 | thread_count_wire=8
[1105000] [GPU] Wiring core_start[0]=1 | block_id=0 | thread_count_wire=8
[1115000] CONTROLLER (tb_phase3.dut.data_memory_controller): Ch 0 accepted WRITE from Consumer 0, Addr=7, Data=16
[1115000] CONTROLLER (tb_phase3.dut.data_memory_controller): Ch 1 accepted WRITE from Consumer 1, Addr=6, Data=16
[1115000] CONTROLLER (tb_phase3.dut.data_memory_controller): Ch 2 accepted WRITE from Consumer 2, Addr=5, Data=16
[1115000] CONTROLLER (tb_phase3.dut.data_memory_controller): Ch 3 accepted WRITE from Consumer 3, Addr=4, Data=16
[1115000] CONTROLLER (tb_phase3.dut.program_memory_controller): Ch 0 READ complete for Consumer 0. Returning to IDLE.
[1115000] [SCOREBOARD] Issued Warp 0 | PC=14 | Mask=1111
[1115000] [GPU] Wiring core_start[0]=1 | block_id=0 | thread_count_wire=8
[1125000] CONTROLLER (tb_phase3.dut.program_memory_controller): Ch 0 accepted READ from Consumer 0, Addr=14
[1125000] [GPU] Wiring core_start[0]=1 | block_id=0 | thread_count_wire=8
[1135000] CONTROLLER (tb_phase3.dut.data_memory_controller): Ch 0 WRITE acknowledged by mem. Notifying Consumer 0
[1135000] CONTROLLER (tb_phase3.dut.data_memory_controller): Ch 1 WRITE acknowledged by mem. Notifying Consumer 1
[1135000] CONTROLLER (tb_phase3.dut.data_memory_controller): Ch 2 WRITE acknowledged by mem. Notifying Consumer 2
[1135000] CONTROLLER (tb_phase3.dut.data_memory_controller): Ch 3 WRITE acknowledged by mem. Notifying Consumer 3
[1135000] [GPU] Wiring core_start[0]=1 | block_id=0 | thread_count_wire=8
[1145000] CONTROLLER (tb_phase3.dut.program_memory_controller): Ch 0 READ ready from mem. Relaying Data=61440 to Consumer 0
[1145000] [LSU Async] Warp 1 Global Write Done!
[1145000] [LSU Async] Warp 1 Global Write Done!
[1145000] [LSU Async] Warp 1 Global Write Done!
[1145000] [LSU Async] Warp 1 Global Write Done!
[1145000] [SCHEDULER] SLEEPING Warp 0 (Waiting for memory)
[1145000] [GPU] Wiring core_start[0]=1 | block_id=0 | thread_count_wire=8
[1155000] CONTROLLER (tb_phase3.dut.data_memory_controller): Ch 0 WRITE complete for Consumer 0. Returning to IDLE.
[1155000] CONTROLLER (tb_phase3.dut.data_memory_controller): Ch 1 WRITE complete for Consumer 1. Returning to IDLE.
[1155000] CONTROLLER (tb_phase3.dut.data_memory_controller): Ch 2 WRITE complete for Consumer 2. Returning to IDLE.
[1155000] CONTROLLER (tb_phase3.dut.data_memory_controller): Ch 3 WRITE complete for Consumer 3. Returning to IDLE.
[1155000] [GPU] Wiring core_start[0]=1 | block_id=0 | thread_count_wire=8
[1165000] CONTROLLER (tb_phase3.dut.data_memory_controller): Ch 0 accepted WRITE from Consumer 0, Addr=3, Data=84
[1165000] CONTROLLER (tb_phase3.dut.data_memory_controller): Ch 1 accepted WRITE from Consumer 1, Addr=2, Data=84
[1165000] CONTROLLER (tb_phase3.dut.data_memory_controller): Ch 2 accepted WRITE from Consumer 2, Addr=1, Data=84
[1165000] CONTROLLER (tb_phase3.dut.data_memory_controller): Ch 3 accepted WRITE from Consumer 3, Addr=0, Data=84
[1165000] CONTROLLER (tb_phase3.dut.program_memory_controller): Ch 0 READ complete for Consumer 0. Returning to IDLE.
[1165000] [SCHEDULER] WAKING UP Warp 1 (Memory response received)
[1165000] [SCOREBOARD] IDLE - All warps are sleeping or done.
[1165000] [GPU] Wiring core_start[0]=1 | block_id=0 | thread_count_wire=8
[1175000] CONTROLLER (tb_phase3.dut.program_memory_controller): Ch 0 accepted READ from Consumer 0, Addr=14
[1175000] [GPU] Wiring core_start[0]=1 | block_id=0 | thread_count_wire=8
[1185000] CONTROLLER (tb_phase3.dut.data_memory_controller): Ch 0 WRITE acknowledged by mem. Notifying Consumer 0
[1185000] CONTROLLER (tb_phase3.dut.data_memory_controller): Ch 1 WRITE acknowledged by mem. Notifying Consumer 1
[1185000] CONTROLLER (tb_phase3.dut.data_memory_controller): Ch 2 WRITE acknowledged by mem. Notifying Consumer 2
[1185000] CONTROLLER (tb_phase3.dut.data_memory_controller): Ch 3 WRITE acknowledged by mem. Notifying Consumer 3
[1185000] [SCHEDULER] Warp 0 thread(s) retired. DoneMask=1111, Target=1111
[1185000] [SCHEDULER] *** Warp 0 completely finished! ***
[1185000] [GPU] Wiring core_start[0]=1 | block_id=0 | thread_count_wire=8
[1195000] CONTROLLER (tb_phase3.dut.program_memory_controller): Ch 0 READ ready from mem. Relaying Data=61440 to Consumer 0
[1195000] [LSU Async] Warp 0 Global Write Done!
[1195000] [LSU Async] Warp 0 Global Write Done!
[1195000] [LSU Async] Warp 0 Global Write Done!
[1195000] [LSU Async] Warp 0 Global Write Done!
[1195000] [GPU] Wiring core_start[0]=1 | block_id=0 | thread_count_wire=8
[1205000] CONTROLLER (tb_phase3.dut.data_memory_controller): Ch 0 WRITE complete for Consumer 0. Returning to IDLE.
[1205000] CONTROLLER (tb_phase3.dut.data_memory_controller): Ch 1 WRITE complete for Consumer 1. Returning to IDLE.
[1205000] CONTROLLER (tb_phase3.dut.data_memory_controller): Ch 2 WRITE complete for Consumer 2. Returning to IDLE.
[1205000] CONTROLLER (tb_phase3.dut.data_memory_controller): Ch 3 WRITE complete for Consumer 3. Returning to IDLE.
[1205000] [GPU] Wiring core_start[0]=1 | block_id=0 | thread_count_wire=8
[1215000] CONTROLLER (tb_phase3.dut.program_memory_controller): Ch 0 READ complete for Consumer 0. Returning to IDLE.
[1215000] [SCOREBOARD] Issued Warp 1 | PC=9 | Mask=1111
[1215000] [GPU] Wiring core_start[0]=1 | block_id=0 | thread_count_wire=8
[1225000] CONTROLLER (tb_phase3.dut.program_memory_controller): Ch 0 accepted READ from Consumer 0, Addr=9
[1225000] [GPU] Wiring core_start[0]=1 | block_id=0 | thread_count_wire=8
[1235000] [SCHEDULER] Warp 0 thread(s) retired. DoneMask=1111, Target=1111
[1235000] [SCHEDULER] *** Warp 0 completely finished! ***
[1235000] [GPU] Wiring core_start[0]=1 | block_id=0 | thread_count_wire=8
[1245000] CONTROLLER (tb_phase3.dut.program_memory_controller): Ch 0 READ ready from mem. Relaying Data=61440 to Consumer 0
[1245000] [GPU] Wiring core_start[0]=1 | block_id=0 | thread_count_wire=8
[1255000] [GPU] Wiring core_start[0]=1 | block_id=0 | thread_count_wire=8
[1265000] CONTROLLER (tb_phase3.dut.program_memory_controller): Ch 0 READ complete for Consumer 0. Returning to IDLE.
[1265000] [SCOREBOARD] Issued Warp 1 | PC=10 | Mask=1111
[1265000] [GPU] Wiring core_start[0]=1 | block_id=0 | thread_count_wire=8
[1275000] CONTROLLER (tb_phase3.dut.program_memory_controller): Ch 0 accepted READ from Consumer 0, Addr=10
[1275000] [GPU] Wiring core_start[0]=1 | block_id=0 | thread_count_wire=8
[1285000] [SCHEDULER] Warp 1 thread(s) retired. DoneMask=1111, Target=1111
[1285000] [SCHEDULER] *** Warp 1 completely finished! ***
[1285000] [GPU] Wiring core_start[0]=1 | block_id=0 | thread_count_wire=8
[1295000] CONTROLLER (tb_phase3.dut.program_memory_controller): Ch 0 READ ready from mem. Relaying Data=37476 to Consumer 0
[1295000] [SCHEDULER] Core Done Signal Asserted.
[1295000] [GPU] Wiring core_start[0]=1 | block_id=0 | thread_count_wire=8
[1305000] [DISPATCH] Core 0 finished Block 0
[1305000] [DISPATCH] All blocks finished.
[1305000] [SCHEDULER] Core Done Signal Asserted.
[1305000] [GPU] Wiring core_start[0]=1 | block_id=0 | thread_count_wire=8
[1305000] [TESTBENCH] Execution Completed!
==================================================
   VERIFYING RESULTS
==================================================
Thread 0 Output: 84 [PASS]
Thread 1 Output: 84 [PASS]
Thread 2 Output: 84 [PASS]
Thread 3 Output: 84 [PASS]
Thread 4 Output: 16 [PASS]
Thread 5 Output: 16 [PASS]
Thread 6 Output: 16 [PASS]
Thread 7 Output: 16 [PASS]
[1315000] CONTROLLER (tb_phase3.dut.program_memory_controller): Ch 0 READ complete for Consumer 0. Returning to IDLE.
$finish called at time : 1325 ns 